oct 24, 2024 10:25:05 A. M. main.Loguero info
INFO: Pantalla - Alto : 1080 - Ancho 1920
oct 24, 2024 10:25:05 A. M. main.Loguero info
INFO: Tema disponible - Metal
oct 24, 2024 10:25:05 A. M. main.Loguero info
INFO: Tema disponible - Nimbus
oct 24, 2024 10:25:05 A. M. main.Loguero info
INFO: Carpeta de ejecución actual: C:\Users\Jesus.delBuey\Documents\Programacion\Java\correctA_General
oct 24, 2024 10:25:05 A. M. main.Loguero info
INFO: Recursos /C:/Users/Jesus.delBuey/Documents/Programacion/Java/correctA_General/target/classes/main/
oct 24, 2024 10:25:05 A. M. main.Loguero info
INFO: La carpeta no existe. Copiando archivos
oct 24, 2024 10:26:05 A. M. main.Loguero info
INFO: Pantalla - Alto : 1080 - Ancho 1920
oct 24, 2024 10:26:05 A. M. main.Loguero info
INFO: Tema disponible - Metal
oct 24, 2024 10:26:05 A. M. main.Loguero info
INFO: Tema disponible - Nimbus
oct 24, 2024 10:26:05 A. M. main.Loguero info
INFO: Carpeta de ejecución actual: C:\Users\Jesus.delBuey\Documents\Programacion\Java\correctA_General
oct 24, 2024 10:26:05 A. M. main.Loguero info
INFO: Recursos /C:/Users/Jesus.delBuey/Documents/Programacion/Java/correctA_General/target/classes/main/
oct 24, 2024 10:26:10 A. M. main.Loguero info
INFO: javax.swing.plaf.metal.MetalLookAndFeel
oct 24, 2024 10:26:10 A. M. main.Loguero info
INFO: javax.swing.plaf.nimbus.NimbusLookAndFeel
oct 24, 2024 10:26:10 A. M. main.Loguero info
INFO: com.sun.java.swing.plaf.motif.MotifLookAndFeel
oct 24, 2024 10:26:10 A. M. main.Loguero info
INFO: com.sun.java.swing.plaf.windows.WindowsLookAndFeel
oct 24, 2024 10:26:10 A. M. main.Loguero info
INFO: com.sun.java.swing.plaf.windows.WindowsClassicLookAndFeel
oct 24, 2024 10:26:22 A. M. main.Loguero error
SEVERE: Failed to open file://C:/Users/Jesus.delBuey/Documents/Programacion/Java/correctA_General/ayuda/es/pgInicio.html. Error message: El sistema no puede encontrar el archivo especificado.

oct 24, 2024 10:26:22 A. M. main.Loguero error
SEVERE: Failed to open file://C:/Users/Jesus.delBuey/Documents/Programacion/Java/correctA_General/ayuda/es/pgInicio.html. Error message: El sistema no puede encontrar el archivo especificado.

oct 24, 2024 10:26:38 A. M. main.Loguero error
SEVERE: Failed to open file://C:/Users/Jesus.delBuey/Documents/Programacion/Java/correctA_General/ayuda/es/pgInicio.html. Error message: El sistema no puede encontrar el archivo especificado.

oct 24, 2024 10:26:38 A. M. main.Loguero error
SEVERE: Failed to open file://C:/Users/Jesus.delBuey/Documents/Programacion/Java/correctA_General/ayuda/es/pgInicio.html. Error message: El sistema no puede encontrar el archivo especificado.

oct 24, 2024 10:27:58 A. M. main.Loguero info
INFO: Pantalla - Alto : 1080 - Ancho 1920
oct 24, 2024 10:27:58 A. M. main.Loguero info
INFO: Tema disponible - Metal
oct 24, 2024 10:27:58 A. M. main.Loguero info
INFO: Tema disponible - Nimbus
oct 24, 2024 10:27:59 A. M. main.Loguero info
INFO: Carpeta de ejecución actual: C:\Users\Jesus.delBuey\Documents\Programacion\Java\correctA_General
oct 24, 2024 10:27:59 A. M. main.Loguero info
INFO: Recursos /C:/Users/Jesus.delBuey/Documents/Programacion/Java/correctA_General/target/classes/main/
oct 24, 2024 10:27:59 A. M. main.Loguero info
INFO: La carpeta no existe. Copiando archivos
oct 24, 2024 10:31:02 A. M. main.Loguero info
INFO: Pantalla - Alto : 1080 - Ancho 1920
oct 24, 2024 10:31:02 A. M. main.Loguero info
INFO: Tema disponible - Metal
oct 24, 2024 10:31:02 A. M. main.Loguero info
INFO: Tema disponible - Nimbus
oct 24, 2024 10:31:02 A. M. main.Loguero info
INFO: Carpeta de ejecución actual: C:\Users\Jesus.delBuey\Documents\Programacion\Java\correctA_General
oct 24, 2024 10:31:02 A. M. main.Loguero info
INFO: Recursos /C:/Users/Jesus.delBuey/Documents/Programacion/Java/correctA_General/target/classes/main/ayuda
oct 24, 2024 10:31:06 A. M. main.Loguero info
INFO: javax.swing.plaf.metal.MetalLookAndFeel
oct 24, 2024 10:31:06 A. M. main.Loguero info
INFO: javax.swing.plaf.nimbus.NimbusLookAndFeel
oct 24, 2024 10:31:06 A. M. main.Loguero info
INFO: com.sun.java.swing.plaf.motif.MotifLookAndFeel
oct 24, 2024 10:31:06 A. M. main.Loguero info
INFO: com.sun.java.swing.plaf.windows.WindowsLookAndFeel
oct 24, 2024 10:31:06 A. M. main.Loguero info
INFO: com.sun.java.swing.plaf.windows.WindowsClassicLookAndFeel
oct 24, 2024 10:35:03 A. M. main.Loguero info
INFO: Pantalla - Alto : 1080 - Ancho 1920
oct 24, 2024 10:35:03 A. M. main.Loguero info
INFO: Tema disponible - Metal
oct 24, 2024 10:35:03 A. M. main.Loguero info
INFO: Tema disponible - Nimbus
oct 24, 2024 10:35:03 A. M. main.Loguero info
INFO: Carpeta de ejecución actual: C:\Users\Jesus.delBuey\Documents\Programacion\Java\correctA_General
oct 24, 2024 10:35:03 A. M. main.Loguero info
INFO: Recursos C:/Users/Jesus.delBuey/Documents/Programacion/Java/correctA_General/target/classes/main/ayuda
oct 24, 2024 10:35:07 A. M. main.Loguero info
INFO: javax.swing.plaf.metal.MetalLookAndFeel
oct 24, 2024 10:35:07 A. M. main.Loguero info
INFO: javax.swing.plaf.nimbus.NimbusLookAndFeel
oct 24, 2024 10:35:07 A. M. main.Loguero info
INFO: com.sun.java.swing.plaf.motif.MotifLookAndFeel
oct 24, 2024 10:35:07 A. M. main.Loguero info
INFO: com.sun.java.swing.plaf.windows.WindowsLookAndFeel
oct 24, 2024 10:35:07 A. M. main.Loguero info
INFO: com.sun.java.swing.plaf.windows.WindowsClassicLookAndFeel
oct 24, 2024 10:35:13 A. M. main.Loguero error
SEVERE: Failed to open file://C:/Users/Jesus.delBuey/Documents/Programacion/Java/correctA_General/ayuda/es/pgInicio.html. Error message: El sistema no puede encontrar el archivo especificado.

oct 24, 2024 10:35:13 A. M. main.Loguero error
SEVERE: Failed to open file://C:/Users/Jesus.delBuey/Documents/Programacion/Java/correctA_General/ayuda/es/pgInicio.html. Error message: El sistema no puede encontrar el archivo especificado.

oct 24, 2024 10:35:44 A. M. main.Loguero info
INFO: Pantalla - Alto : 1080 - Ancho 1920
oct 24, 2024 10:35:44 A. M. main.Loguero info
INFO: Tema disponible - Metal
oct 24, 2024 10:35:44 A. M. main.Loguero info
INFO: Tema disponible - Nimbus
oct 24, 2024 10:35:44 A. M. main.Loguero info
INFO: Carpeta de ejecución actual: C:\Users\Jesus.delBuey\Documents\Programacion\Java\correctA_General
oct 24, 2024 10:35:44 A. M. main.Loguero info
INFO: Recursos C:/Users/Jesus.delBuey/Documents/Programacion/Java/correctA_General/target/classes/main/ayuda
oct 24, 2024 10:35:44 A. M. main.Loguero info
INFO: La carpeta no existe. Copiando archivos
oct 24, 2024 10:35:44 A. M. main.Loguero error
SEVERE: C:\Users\Jesus.delBuey\Documents\Programacion\Java\correctA_General\target\classes\main\ayuda
oct 24, 2024 10:35:49 A. M. main.Loguero info
INFO: javax.swing.plaf.metal.MetalLookAndFeel
oct 24, 2024 10:35:49 A. M. main.Loguero info
INFO: javax.swing.plaf.nimbus.NimbusLookAndFeel
oct 24, 2024 10:35:49 A. M. main.Loguero info
INFO: com.sun.java.swing.plaf.motif.MotifLookAndFeel
oct 24, 2024 10:35:49 A. M. main.Loguero info
INFO: com.sun.java.swing.plaf.windows.WindowsLookAndFeel
oct 24, 2024 10:35:49 A. M. main.Loguero info
INFO: com.sun.java.swing.plaf.windows.WindowsClassicLookAndFeel
oct 24, 2024 10:36:12 A. M. main.Loguero error
SEVERE: Failed to open file://C:/Users/Jesus.delBuey/Documents/Programacion/Java/correctA_General/ayuda/es/pgInicio.html. Error message: El sistema no puede encontrar el archivo especificado.

oct 24, 2024 10:36:12 A. M. main.Loguero error
SEVERE: Failed to open file://C:/Users/Jesus.delBuey/Documents/Programacion/Java/correctA_General/ayuda/es/pgInicio.html. Error message: El sistema no puede encontrar el archivo especificado.

oct 24, 2024 10:52:10 A. M. main.Loguero info
INFO: Pantalla - Alto : 1080 - Ancho 1920
oct 24, 2024 10:52:11 A. M. main.Loguero info
INFO: Tema disponible - Metal
oct 24, 2024 10:52:11 A. M. main.Loguero info
INFO: Tema disponible - Nimbus
oct 24, 2024 10:52:11 A. M. main.Loguero info
INFO: Carpeta de ejecución actual: C:\Users\Jesus.delBuey\Documents\Programacion\Java\correctA_General
oct 24, 2024 10:52:11 A. M. main.Loguero info
INFO: Recursos C:/Users/Jesus.delBuey/Documents/Programacion/Java/correctA_General/target/classes/main/ayuda
oct 24, 2024 10:52:15 A. M. main.Loguero info
INFO: javax.swing.plaf.metal.MetalLookAndFeel
oct 24, 2024 10:52:15 A. M. main.Loguero info
INFO: javax.swing.plaf.nimbus.NimbusLookAndFeel
oct 24, 2024 10:52:15 A. M. main.Loguero info
INFO: com.sun.java.swing.plaf.motif.MotifLookAndFeel
oct 24, 2024 10:52:15 A. M. main.Loguero info
INFO: com.sun.java.swing.plaf.windows.WindowsLookAndFeel
oct 24, 2024 10:52:15 A. M. main.Loguero info
INFO: com.sun.java.swing.plaf.windows.WindowsClassicLookAndFeel
oct 28, 2024 8:37:55 A. M. main.Loguero info
INFO: Pantalla - Alto : 1080 - Ancho 1920
oct 28, 2024 8:37:55 A. M. main.Loguero info
INFO: Tema disponible - Metal
oct 28, 2024 8:37:55 A. M. main.Loguero info
INFO: Tema disponible - Nimbus
oct 28, 2024 8:37:59 A. M. main.Loguero info
INFO: javax.swing.plaf.metal.MetalLookAndFeel
oct 28, 2024 8:37:59 A. M. main.Loguero info
INFO: javax.swing.plaf.nimbus.NimbusLookAndFeel
oct 28, 2024 8:37:59 A. M. main.Loguero info
INFO: com.sun.java.swing.plaf.motif.MotifLookAndFeel
oct 28, 2024 8:37:59 A. M. main.Loguero info
INFO: com.sun.java.swing.plaf.windows.WindowsLookAndFeel
oct 28, 2024 8:37:59 A. M. main.Loguero info
INFO: com.sun.java.swing.plaf.windows.WindowsClassicLookAndFeel
oct 28, 2024 8:44:31 A. M. main.Loguero info
INFO: Pantalla - Alto : 1080 - Ancho 1920
oct 28, 2024 8:44:31 A. M. main.Loguero info
INFO: Tema disponible - Metal
oct 28, 2024 8:44:31 A. M. main.Loguero info
INFO: Tema disponible - Nimbus
oct 28, 2024 8:44:36 A. M. main.Loguero info
INFO: javax.swing.plaf.metal.MetalLookAndFeel
oct 28, 2024 8:44:36 A. M. main.Loguero info
INFO: javax.swing.plaf.nimbus.NimbusLookAndFeel
oct 28, 2024 8:44:36 A. M. main.Loguero info
INFO: com.sun.java.swing.plaf.motif.MotifLookAndFeel
oct 28, 2024 8:44:36 A. M. main.Loguero info
INFO: com.sun.java.swing.plaf.windows.WindowsLookAndFeel
oct 28, 2024 8:44:36 A. M. main.Loguero info
INFO: com.sun.java.swing.plaf.windows.WindowsClassicLookAndFeel
oct 28, 2024 8:46:36 A. M. main.Loguero info
INFO: Pantalla - Alto : 1080 - Ancho 1920
oct 28, 2024 8:46:36 A. M. main.Loguero info
INFO: Tema disponible - Metal
oct 28, 2024 8:46:36 A. M. main.Loguero info
INFO: Tema disponible - Nimbus
oct 28, 2024 8:46:40 A. M. main.Loguero info
INFO: javax.swing.plaf.metal.MetalLookAndFeel
oct 28, 2024 8:46:40 A. M. main.Loguero info
INFO: javax.swing.plaf.nimbus.NimbusLookAndFeel
oct 28, 2024 8:46:40 A. M. main.Loguero info
INFO: com.sun.java.swing.plaf.motif.MotifLookAndFeel
oct 28, 2024 8:46:40 A. M. main.Loguero info
INFO: com.sun.java.swing.plaf.windows.WindowsLookAndFeel
oct 28, 2024 8:46:40 A. M. main.Loguero info
INFO: com.sun.java.swing.plaf.windows.WindowsClassicLookAndFeel
oct 28, 2024 8:47:23 A. M. main.Loguero info
INFO: Pantalla - Alto : 1080 - Ancho 1920
oct 28, 2024 8:47:24 A. M. main.Loguero info
INFO: Tema disponible - Metal
oct 28, 2024 8:47:24 A. M. main.Loguero info
INFO: Tema disponible - Nimbus
oct 28, 2024 8:47:28 A. M. main.Loguero info
INFO: javax.swing.plaf.metal.MetalLookAndFeel
oct 28, 2024 8:47:28 A. M. main.Loguero info
INFO: javax.swing.plaf.nimbus.NimbusLookAndFeel
oct 28, 2024 8:47:28 A. M. main.Loguero info
INFO: com.sun.java.swing.plaf.motif.MotifLookAndFeel
oct 28, 2024 8:47:28 A. M. main.Loguero info
INFO: com.sun.java.swing.plaf.windows.WindowsLookAndFeel
oct 28, 2024 8:47:28 A. M. main.Loguero info
INFO: com.sun.java.swing.plaf.windows.WindowsClassicLookAndFeel
oct 28, 2024 9:13:17 A. M. main.Loguero info
INFO: Pantalla - Alto : 1080 - Ancho 1920
oct 28, 2024 9:13:17 A. M. main.Loguero info
INFO: Tema disponible - Metal
oct 28, 2024 9:13:17 A. M. main.Loguero info
INFO: Tema disponible - Nimbus
oct 28, 2024 9:13:21 A. M. main.Loguero info
INFO: javax.swing.plaf.metal.MetalLookAndFeel
oct 28, 2024 9:13:21 A. M. main.Loguero info
INFO: javax.swing.plaf.nimbus.NimbusLookAndFeel
oct 28, 2024 9:13:21 A. M. main.Loguero info
INFO: com.sun.java.swing.plaf.motif.MotifLookAndFeel
oct 28, 2024 9:13:21 A. M. main.Loguero info
INFO: com.sun.java.swing.plaf.windows.WindowsLookAndFeel
oct 28, 2024 9:13:21 A. M. main.Loguero info
INFO: com.sun.java.swing.plaf.windows.WindowsClassicLookAndFeel
oct 28, 2024 9:15:40 A. M. main.Loguero info
INFO: Pantalla - Alto : 1080 - Ancho 1920
oct 28, 2024 9:15:40 A. M. main.Loguero info
INFO: Tema disponible - Metal
oct 28, 2024 9:15:40 A. M. main.Loguero info
INFO: Tema disponible - Nimbus
oct 28, 2024 9:15:44 A. M. main.Loguero info
INFO: javax.swing.plaf.metal.MetalLookAndFeel
oct 28, 2024 9:15:44 A. M. main.Loguero info
INFO: javax.swing.plaf.nimbus.NimbusLookAndFeel
oct 28, 2024 9:15:44 A. M. main.Loguero info
INFO: com.sun.java.swing.plaf.motif.MotifLookAndFeel
oct 28, 2024 9:15:44 A. M. main.Loguero info
INFO: com.sun.java.swing.plaf.windows.WindowsLookAndFeel
oct 28, 2024 9:15:44 A. M. main.Loguero info
INFO: com.sun.java.swing.plaf.windows.WindowsClassicLookAndFeel
oct 28, 2024 11:12:01 A. M. main.Loguero info
INFO: Pantalla - Alto : 1080 - Ancho 1920
oct 28, 2024 11:12:01 A. M. main.Loguero info
INFO: Tema disponible - Metal
oct 28, 2024 11:12:01 A. M. main.Loguero info
INFO: Tema disponible - Nimbus
oct 28, 2024 11:12:06 A. M. main.Loguero info
INFO: javax.swing.plaf.metal.MetalLookAndFeel
oct 28, 2024 11:12:06 A. M. main.Loguero info
INFO: javax.swing.plaf.nimbus.NimbusLookAndFeel
oct 28, 2024 11:12:06 A. M. main.Loguero info
INFO: com.sun.java.swing.plaf.motif.MotifLookAndFeel
oct 28, 2024 11:12:06 A. M. main.Loguero info
INFO: com.sun.java.swing.plaf.windows.WindowsLookAndFeel
oct 28, 2024 11:12:06 A. M. main.Loguero info
INFO: com.sun.java.swing.plaf.windows.WindowsClassicLookAndFeel
oct 28, 2024 11:43:22 A. M. main.Loguero info
INFO: Pantalla - Alto : 1080 - Ancho 1920
oct 28, 2024 11:43:22 A. M. main.Loguero info
INFO: Tema disponible - Metal
oct 28, 2024 11:43:22 A. M. main.Loguero info
INFO: Tema disponible - Nimbus
oct 28, 2024 11:43:26 A. M. main.Loguero info
INFO: javax.swing.plaf.metal.MetalLookAndFeel
oct 28, 2024 11:43:26 A. M. main.Loguero info
INFO: javax.swing.plaf.nimbus.NimbusLookAndFeel
oct 28, 2024 11:43:26 A. M. main.Loguero info
INFO: com.sun.java.swing.plaf.motif.MotifLookAndFeel
oct 28, 2024 11:43:26 A. M. main.Loguero info
INFO: com.sun.java.swing.plaf.windows.WindowsLookAndFeel
oct 28, 2024 11:43:26 A. M. main.Loguero info
INFO: com.sun.java.swing.plaf.windows.WindowsClassicLookAndFeel
oct 29, 2024 3:27:46 P. M. main.Loguero info
INFO: Pantalla - Alto : 1080 - Ancho 1920
oct 29, 2024 3:27:46 P. M. main.Loguero info
INFO: Tema disponible - Metal
oct 29, 2024 3:27:46 P. M. main.Loguero info
INFO: Tema disponible - Nimbus
oct 29, 2024 3:27:51 P. M. main.Loguero info
INFO: javax.swing.plaf.metal.MetalLookAndFeel
oct 29, 2024 3:27:51 P. M. main.Loguero info
INFO: javax.swing.plaf.nimbus.NimbusLookAndFeel
oct 29, 2024 3:27:51 P. M. main.Loguero info
INFO: com.sun.java.swing.plaf.motif.MotifLookAndFeel
oct 29, 2024 3:27:51 P. M. main.Loguero info
INFO: com.sun.java.swing.plaf.windows.WindowsLookAndFeel
oct 29, 2024 3:27:51 P. M. main.Loguero info
INFO: com.sun.java.swing.plaf.windows.WindowsClassicLookAndFeel
oct 29, 2024 3:30:38 P. M. main.Loguero info
INFO: Pantalla - Alto : 1080 - Ancho 1920
oct 29, 2024 3:30:38 P. M. main.Loguero info
INFO: Tema disponible - Metal
oct 29, 2024 3:30:38 P. M. main.Loguero info
INFO: Tema disponible - Nimbus
oct 29, 2024 3:30:43 P. M. main.Loguero info
INFO: javax.swing.plaf.metal.MetalLookAndFeel
oct 29, 2024 3:30:43 P. M. main.Loguero info
INFO: javax.swing.plaf.nimbus.NimbusLookAndFeel
oct 29, 2024 3:30:43 P. M. main.Loguero info
INFO: com.sun.java.swing.plaf.motif.MotifLookAndFeel
oct 29, 2024 3:30:43 P. M. main.Loguero info
INFO: com.sun.java.swing.plaf.windows.WindowsLookAndFeel
oct 29, 2024 3:30:43 P. M. main.Loguero info
INFO: com.sun.java.swing.plaf.windows.WindowsClassicLookAndFeel
oct 29, 2024 3:34:22 P. M. main.Loguero info
INFO: Pantalla - Alto : 1080 - Ancho 1920
oct 29, 2024 3:34:22 P. M. main.Loguero info
INFO: Tema disponible - Metal
oct 29, 2024 3:34:22 P. M. main.Loguero info
INFO: Tema disponible - Nimbus
oct 29, 2024 3:34:26 P. M. main.Loguero info
INFO: javax.swing.plaf.metal.MetalLookAndFeel
oct 29, 2024 3:34:26 P. M. main.Loguero info
INFO: javax.swing.plaf.nimbus.NimbusLookAndFeel
oct 29, 2024 3:34:26 P. M. main.Loguero info
INFO: com.sun.java.swing.plaf.motif.MotifLookAndFeel
oct 29, 2024 3:34:26 P. M. main.Loguero info
INFO: com.sun.java.swing.plaf.windows.WindowsLookAndFeel
oct 29, 2024 3:34:26 P. M. main.Loguero info
INFO: com.sun.java.swing.plaf.windows.WindowsClassicLookAndFeel
oct 29, 2024 3:36:31 P. M. main.Loguero info
INFO: Pantalla - Alto : 1080 - Ancho 1920
oct 29, 2024 3:36:31 P. M. main.Loguero info
INFO: Tema disponible - Metal
oct 29, 2024 3:36:31 P. M. main.Loguero info
INFO: Tema disponible - Nimbus
oct 29, 2024 3:36:36 P. M. main.Loguero info
INFO: javax.swing.plaf.metal.MetalLookAndFeel
oct 29, 2024 3:36:36 P. M. main.Loguero info
INFO: javax.swing.plaf.nimbus.NimbusLookAndFeel
oct 29, 2024 3:36:36 P. M. main.Loguero info
INFO: com.sun.java.swing.plaf.motif.MotifLookAndFeel
oct 29, 2024 3:36:36 P. M. main.Loguero info
INFO: com.sun.java.swing.plaf.windows.WindowsLookAndFeel
oct 29, 2024 3:36:36 P. M. main.Loguero info
INFO: com.sun.java.swing.plaf.windows.WindowsClassicLookAndFeel
oct 29, 2024 3:39:28 P. M. main.Loguero info
INFO: Pantalla - Alto : 1080 - Ancho 1920
oct 29, 2024 3:39:28 P. M. main.Loguero info
INFO: Tema disponible - Metal
oct 29, 2024 3:39:28 P. M. main.Loguero info
INFO: Tema disponible - Nimbus
oct 29, 2024 3:39:32 P. M. main.Loguero info
INFO: javax.swing.plaf.metal.MetalLookAndFeel
oct 29, 2024 3:39:32 P. M. main.Loguero info
INFO: javax.swing.plaf.nimbus.NimbusLookAndFeel
oct 29, 2024 3:39:32 P. M. main.Loguero info
INFO: com.sun.java.swing.plaf.motif.MotifLookAndFeel
oct 29, 2024 3:39:32 P. M. main.Loguero info
INFO: com.sun.java.swing.plaf.windows.WindowsLookAndFeel
oct 29, 2024 3:39:32 P. M. main.Loguero info
INFO: com.sun.java.swing.plaf.windows.WindowsClassicLookAndFeel
oct 29, 2024 3:40:43 P. M. main.Loguero info
INFO: Pantalla - Alto : 1080 - Ancho 1920
oct 29, 2024 3:40:43 P. M. main.Loguero info
INFO: Tema disponible - Metal
oct 29, 2024 3:40:43 P. M. main.Loguero info
INFO: Tema disponible - Nimbus
oct 29, 2024 3:40:48 P. M. main.Loguero info
INFO: javax.swing.plaf.metal.MetalLookAndFeel
oct 29, 2024 3:40:48 P. M. main.Loguero info
INFO: javax.swing.plaf.nimbus.NimbusLookAndFeel
oct 29, 2024 3:40:48 P. M. main.Loguero info
INFO: com.sun.java.swing.plaf.motif.MotifLookAndFeel
oct 29, 2024 3:40:48 P. M. main.Loguero info
INFO: com.sun.java.swing.plaf.windows.WindowsLookAndFeel
oct 29, 2024 3:40:48 P. M. main.Loguero info
INFO: com.sun.java.swing.plaf.windows.WindowsClassicLookAndFeel
oct 29, 2024 3:48:16 P. M. main.Loguero info
INFO: Pantalla - Alto : 1080 - Ancho 1920
oct 29, 2024 3:48:17 P. M. main.Loguero info
INFO: Tema disponible - Metal
oct 29, 2024 3:48:17 P. M. main.Loguero info
INFO: Tema disponible - Nimbus
oct 29, 2024 3:48:21 P. M. main.Loguero info
INFO: javax.swing.plaf.metal.MetalLookAndFeel
oct 29, 2024 3:48:21 P. M. main.Loguero info
INFO: javax.swing.plaf.nimbus.NimbusLookAndFeel
oct 29, 2024 3:48:21 P. M. main.Loguero info
INFO: com.sun.java.swing.plaf.motif.MotifLookAndFeel
oct 29, 2024 3:48:21 P. M. main.Loguero info
INFO: com.sun.java.swing.plaf.windows.WindowsLookAndFeel
oct 29, 2024 3:48:21 P. M. main.Loguero info
INFO: com.sun.java.swing.plaf.windows.WindowsClassicLookAndFeel
oct 29, 2024 3:50:03 P. M. main.Loguero info
INFO: Pantalla - Alto : 1080 - Ancho 1920
oct 29, 2024 3:50:04 P. M. main.Loguero info
INFO: Tema disponible - Metal
oct 29, 2024 3:50:04 P. M. main.Loguero info
INFO: Tema disponible - Nimbus
oct 29, 2024 3:50:08 P. M. main.Loguero info
INFO: javax.swing.plaf.metal.MetalLookAndFeel
oct 29, 2024 3:50:08 P. M. main.Loguero info
INFO: javax.swing.plaf.nimbus.NimbusLookAndFeel
oct 29, 2024 3:50:08 P. M. main.Loguero info
INFO: com.sun.java.swing.plaf.motif.MotifLookAndFeel
oct 29, 2024 3:50:08 P. M. main.Loguero info
INFO: com.sun.java.swing.plaf.windows.WindowsLookAndFeel
oct 29, 2024 3:50:08 P. M. main.Loguero info
INFO: com.sun.java.swing.plaf.windows.WindowsClassicLookAndFeel
oct 29, 2024 3:50:32 P. M. main.Loguero info
INFO: Pantalla - Alto : 1080 - Ancho 1920
oct 29, 2024 3:50:32 P. M. main.Loguero info
INFO: Tema disponible - Metal
oct 29, 2024 3:50:32 P. M. main.Loguero info
INFO: Tema disponible - Nimbus
oct 29, 2024 3:50:36 P. M. main.Loguero info
INFO: javax.swing.plaf.metal.MetalLookAndFeel
oct 29, 2024 3:50:36 P. M. main.Loguero info
INFO: javax.swing.plaf.nimbus.NimbusLookAndFeel
oct 29, 2024 3:50:36 P. M. main.Loguero info
INFO: com.sun.java.swing.plaf.motif.MotifLookAndFeel
oct 29, 2024 3:50:36 P. M. main.Loguero info
INFO: com.sun.java.swing.plaf.windows.WindowsLookAndFeel
oct 29, 2024 3:50:36 P. M. main.Loguero info
INFO: com.sun.java.swing.plaf.windows.WindowsClassicLookAndFeel
oct 30, 2024 10:43:47 A. M. main.Loguero info
INFO: Pantalla - Alto : 1080 - Ancho 1920
oct 30, 2024 10:43:47 A. M. main.Loguero info
INFO: Tema disponible - Metal
oct 30, 2024 10:43:47 A. M. main.Loguero info
INFO: Tema disponible - Nimbus
oct 30, 2024 10:43:52 A. M. main.Loguero info
INFO: javax.swing.plaf.metal.MetalLookAndFeel
oct 30, 2024 10:43:52 A. M. main.Loguero info
INFO: javax.swing.plaf.nimbus.NimbusLookAndFeel
oct 30, 2024 10:43:52 A. M. main.Loguero info
INFO: com.sun.java.swing.plaf.motif.MotifLookAndFeel
oct 30, 2024 10:43:52 A. M. main.Loguero info
INFO: com.sun.java.swing.plaf.windows.WindowsLookAndFeel
oct 30, 2024 10:43:52 A. M. main.Loguero info
INFO: com.sun.java.swing.plaf.windows.WindowsClassicLookAndFeel
oct 30, 2024 10:52:43 A. M. main.Loguero info
INFO: Pantalla - Alto : 1080 - Ancho 1920
oct 30, 2024 10:52:44 A. M. main.Loguero info
INFO: Tema disponible - Metal
oct 30, 2024 10:52:44 A. M. main.Loguero info
INFO: Tema disponible - Nimbus
oct 30, 2024 10:52:48 A. M. main.Loguero info
INFO: javax.swing.plaf.metal.MetalLookAndFeel
oct 30, 2024 10:52:48 A. M. main.Loguero info
INFO: javax.swing.plaf.nimbus.NimbusLookAndFeel
oct 30, 2024 10:52:48 A. M. main.Loguero info
INFO: com.sun.java.swing.plaf.motif.MotifLookAndFeel
oct 30, 2024 10:52:48 A. M. main.Loguero info
INFO: com.sun.java.swing.plaf.windows.WindowsLookAndFeel
oct 30, 2024 10:52:48 A. M. main.Loguero info
INFO: com.sun.java.swing.plaf.windows.WindowsClassicLookAndFeel
oct 30, 2024 10:54:43 A. M. main.Loguero info
INFO: Pantalla - Alto : 1080 - Ancho 1920
oct 30, 2024 10:54:43 A. M. main.Loguero info
INFO: Tema disponible - Metal
oct 30, 2024 10:54:43 A. M. main.Loguero info
INFO: Tema disponible - Nimbus
oct 30, 2024 10:54:47 A. M. main.Loguero info
INFO: javax.swing.plaf.metal.MetalLookAndFeel
oct 30, 2024 10:54:47 A. M. main.Loguero info
INFO: javax.swing.plaf.nimbus.NimbusLookAndFeel
oct 30, 2024 10:54:47 A. M. main.Loguero info
INFO: com.sun.java.swing.plaf.motif.MotifLookAndFeel
oct 30, 2024 10:54:47 A. M. main.Loguero info
INFO: com.sun.java.swing.plaf.windows.WindowsLookAndFeel
oct 30, 2024 10:54:47 A. M. main.Loguero info
INFO: com.sun.java.swing.plaf.windows.WindowsClassicLookAndFeel
oct 30, 2024 10:56:11 A. M. main.Loguero info
INFO: Pantalla - Alto : 1080 - Ancho 1920
oct 30, 2024 10:56:11 A. M. main.Loguero info
INFO: Tema disponible - Metal
oct 30, 2024 10:56:11 A. M. main.Loguero info
INFO: Tema disponible - Nimbus
oct 30, 2024 10:56:16 A. M. main.Loguero info
INFO: javax.swing.plaf.metal.MetalLookAndFeel
oct 30, 2024 10:56:16 A. M. main.Loguero info
INFO: javax.swing.plaf.nimbus.NimbusLookAndFeel
oct 30, 2024 10:56:16 A. M. main.Loguero info
INFO: com.sun.java.swing.plaf.motif.MotifLookAndFeel
oct 30, 2024 10:56:16 A. M. main.Loguero info
INFO: com.sun.java.swing.plaf.windows.WindowsLookAndFeel
oct 30, 2024 10:56:16 A. M. main.Loguero info
INFO: com.sun.java.swing.plaf.windows.WindowsClassicLookAndFeel
oct 30, 2024 10:57:07 A. M. main.Loguero info
INFO: Pantalla - Alto : 1080 - Ancho 1920
oct 30, 2024 10:57:07 A. M. main.Loguero info
INFO: Tema disponible - Metal
oct 30, 2024 10:57:07 A. M. main.Loguero info
INFO: Tema disponible - Nimbus
oct 30, 2024 10:57:11 A. M. main.Loguero info
INFO: javax.swing.plaf.metal.MetalLookAndFeel
oct 30, 2024 10:57:11 A. M. main.Loguero info
INFO: javax.swing.plaf.nimbus.NimbusLookAndFeel
oct 30, 2024 10:57:11 A. M. main.Loguero info
INFO: com.sun.java.swing.plaf.motif.MotifLookAndFeel
oct 30, 2024 10:57:11 A. M. main.Loguero info
INFO: com.sun.java.swing.plaf.windows.WindowsLookAndFeel
oct 30, 2024 10:57:11 A. M. main.Loguero info
INFO: com.sun.java.swing.plaf.windows.WindowsClassicLookAndFeel
oct 30, 2024 1:31:12 P. M. main.Loguero info
INFO: Pantalla - Alto : 1080 - Ancho 1920
oct 30, 2024 1:31:12 P. M. main.Loguero info
INFO: Tema disponible - Metal
oct 30, 2024 1:31:12 P. M. main.Loguero info
INFO: Tema disponible - Nimbus
oct 30, 2024 1:31:17 P. M. main.Loguero info
INFO: javax.swing.plaf.metal.MetalLookAndFeel
oct 30, 2024 1:31:17 P. M. main.Loguero info
INFO: javax.swing.plaf.nimbus.NimbusLookAndFeel
oct 30, 2024 1:31:17 P. M. main.Loguero info
INFO: com.sun.java.swing.plaf.motif.MotifLookAndFeel
oct 30, 2024 1:31:17 P. M. main.Loguero info
INFO: com.sun.java.swing.plaf.windows.WindowsLookAndFeel
oct 30, 2024 1:31:17 P. M. main.Loguero info
INFO: com.sun.java.swing.plaf.windows.WindowsClassicLookAndFeel
oct 30, 2024 1:33:22 P. M. main.Loguero info
INFO: Pantalla - Alto : 1080 - Ancho 1920
oct 30, 2024 1:33:22 P. M. main.Loguero info
INFO: Tema disponible - Metal
oct 30, 2024 1:33:22 P. M. main.Loguero info
INFO: Tema disponible - Nimbus
oct 30, 2024 1:33:27 P. M. main.Loguero info
INFO: javax.swing.plaf.metal.MetalLookAndFeel
oct 30, 2024 1:33:27 P. M. main.Loguero info
INFO: javax.swing.plaf.nimbus.NimbusLookAndFeel
oct 30, 2024 1:33:27 P. M. main.Loguero info
INFO: com.sun.java.swing.plaf.motif.MotifLookAndFeel
oct 30, 2024 1:33:27 P. M. main.Loguero info
INFO: com.sun.java.swing.plaf.windows.WindowsLookAndFeel
oct 30, 2024 1:33:27 P. M. main.Loguero info
INFO: com.sun.java.swing.plaf.windows.WindowsClassicLookAndFeel
oct 30, 2024 1:36:54 P. M. main.Loguero info
INFO: Pantalla - Alto : 1080 - Ancho 1920
oct 30, 2024 1:36:54 P. M. main.Loguero info
INFO: Tema disponible - Metal
oct 30, 2024 1:36:54 P. M. main.Loguero info
INFO: Tema disponible - Nimbus
oct 30, 2024 1:36:59 P. M. main.Loguero info
INFO: javax.swing.plaf.metal.MetalLookAndFeel
oct 30, 2024 1:36:59 P. M. main.Loguero info
INFO: javax.swing.plaf.nimbus.NimbusLookAndFeel
oct 30, 2024 1:36:59 P. M. main.Loguero info
INFO: com.sun.java.swing.plaf.motif.MotifLookAndFeel
oct 30, 2024 1:36:59 P. M. main.Loguero info
INFO: com.sun.java.swing.plaf.windows.WindowsLookAndFeel
oct 30, 2024 1:36:59 P. M. main.Loguero info
INFO: com.sun.java.swing.plaf.windows.WindowsClassicLookAndFeel
oct 30, 2024 1:38:39 P. M. main.Loguero error
SEVERE: Error en Procesador.analizar
(x + width) is outside raster
oct 30, 2024 1:38:39 P. M. main.Loguero error
SEVERE: Error en Procesador.analizar
(x + width) is outside raster
oct 30, 2024 1:38:39 P. M. main.Loguero error
SEVERE: Error en Procesador.analizar
(x + width) is outside raster
oct 30, 2024 1:38:39 P. M. main.Loguero error
SEVERE: Error en Procesador.analizar
(x + width) is outside raster
oct 30, 2024 1:38:39 P. M. main.Loguero error
SEVERE: Error en Procesador.analizar
(x + width) is outside raster
oct 30, 2024 1:38:39 P. M. main.Loguero error
SEVERE: Error en Procesador.analizar
(x + width) is outside raster
oct 30, 2024 1:38:39 P. M. main.Loguero error
SEVERE: Error en Procesador.analizar
(x + width) is outside raster
oct 30, 2024 1:38:39 P. M. main.Loguero error
SEVERE: Error en Procesador.analizar
(x + width) is outside raster
oct 30, 2024 1:38:39 P. M. main.Loguero error
SEVERE: Error en Procesador.analizar
(x + width) is outside raster
oct 30, 2024 1:38:39 P. M. main.Loguero error
SEVERE: Error en Procesador.analizar
(x + width) is outside raster
oct 30, 2024 1:38:39 P. M. main.Loguero error
SEVERE: Error en Procesador.analizar
(x + width) is outside raster
oct 30, 2024 1:38:39 P. M. main.Loguero error
SEVERE: Error en Procesador.analizar
(x + width) is outside raster
oct 30, 2024 1:38:39 P. M. main.Loguero error
SEVERE: Error en Procesador.analizar
(x + width) is outside raster
oct 30, 2024 1:38:39 P. M. main.Loguero error
SEVERE: Error en Procesador.analizar
(x + width) is outside raster
oct 30, 2024 1:38:39 P. M. main.Loguero error
SEVERE: Error en Procesador.analizar
(x + width) is outside raster
oct 30, 2024 1:38:39 P. M. main.Loguero error
SEVERE: Error en Procesador.analizar
(x + width) is outside raster
oct 30, 2024 1:38:39 P. M. main.Loguero error
SEVERE: Error en Procesador.analizar
(x + width) is outside raster
oct 30, 2024 1:38:39 P. M. main.Loguero error
SEVERE: Error en Procesador.analizar
(x + width) is outside raster
oct 30, 2024 1:38:39 P. M. main.Loguero error
SEVERE: Error en Procesador.analizar
(x + width) is outside raster
oct 30, 2024 1:38:39 P. M. main.Loguero error
SEVERE: Error en Procesador.analizar
(x + width) is outside raster
oct 30, 2024 1:38:39 P. M. main.Loguero error
SEVERE: Error en Procesador.analizar
(x + width) is outside raster
oct 30, 2024 1:38:44 P. M. main.Loguero error
SEVERE: Error en Procesador.analizar
(x + width) is outside raster
oct 30, 2024 1:38:44 P. M. main.Loguero error
SEVERE: Error en Procesador.analizar
(x + width) is outside raster
oct 30, 2024 1:38:44 P. M. main.Loguero error
SEVERE: Error en Procesador.analizar
(x + width) is outside raster
oct 30, 2024 1:38:44 P. M. main.Loguero error
SEVERE: Error en Procesador.analizar
(x + width) is outside raster
oct 30, 2024 1:38:44 P. M. main.Loguero error
SEVERE: Error en Procesador.analizar
(x + width) is outside raster
oct 30, 2024 1:38:44 P. M. main.Loguero error
SEVERE: Error en Procesador.analizar
(x + width) is outside raster
oct 30, 2024 1:38:44 P. M. main.Loguero error
SEVERE: Error en Procesador.analizar
(x + width) is outside raster
oct 30, 2024 1:38:44 P. M. main.Loguero error
SEVERE: Error en Procesador.analizar
(x + width) is outside raster
oct 30, 2024 1:38:44 P. M. main.Loguero error
SEVERE: Error en Procesador.analizar
(x + width) is outside raster
oct 30, 2024 1:38:44 P. M. main.Loguero error
SEVERE: Error en Procesador.analizar
(x + width) is outside raster
oct 30, 2024 1:38:44 P. M. main.Loguero error
SEVERE: Error en Procesador.analizar
(x + width) is outside raster
oct 30, 2024 1:38:44 P. M. main.Loguero error
SEVERE: Error en Procesador.analizar
(x + width) is outside raster
oct 30, 2024 1:38:44 P. M. main.Loguero error
SEVERE: Error en Procesador.analizar
(x + width) is outside raster
oct 30, 2024 1:38:44 P. M. main.Loguero error
SEVERE: Error en Procesador.analizar
(x + width) is outside raster
oct 30, 2024 1:38:44 P. M. main.Loguero error
SEVERE: Error en Procesador.analizar
(x + width) is outside raster
oct 30, 2024 1:38:44 P. M. main.Loguero error
SEVERE: Error en Procesador.analizar
(x + width) is outside raster
oct 30, 2024 1:38:44 P. M. main.Loguero error
SEVERE: Error en Procesador.analizar
(x + width) is outside raster
oct 30, 2024 1:38:44 P. M. main.Loguero error
SEVERE: Error en Procesador.analizar
(x + width) is outside raster
oct 30, 2024 1:38:44 P. M. main.Loguero error
SEVERE: Error en Procesador.analizar
(x + width) is outside raster
oct 30, 2024 1:38:44 P. M. main.Loguero error
SEVERE: Error en Procesador.analizar
(x + width) is outside raster
oct 30, 2024 1:38:44 P. M. main.Loguero error
SEVERE: Error en Procesador.analizar
(x + width) is outside raster
oct 30, 2024 1:50:54 P. M. main.Loguero info
INFO: Pantalla - Alto : 1080 - Ancho 1920
oct 30, 2024 1:50:54 P. M. main.Loguero info
INFO: Tema disponible - Metal
oct 30, 2024 1:50:54 P. M. main.Loguero info
INFO: Tema disponible - Nimbus
oct 30, 2024 1:50:59 P. M. main.Loguero info
INFO: javax.swing.plaf.metal.MetalLookAndFeel
oct 30, 2024 1:50:59 P. M. main.Loguero info
INFO: javax.swing.plaf.nimbus.NimbusLookAndFeel
oct 30, 2024 1:50:59 P. M. main.Loguero info
INFO: com.sun.java.swing.plaf.motif.MotifLookAndFeel
oct 30, 2024 1:50:59 P. M. main.Loguero info
INFO: com.sun.java.swing.plaf.windows.WindowsLookAndFeel
oct 30, 2024 1:50:59 P. M. main.Loguero info
INFO: com.sun.java.swing.plaf.windows.WindowsClassicLookAndFeel
oct 30, 2024 1:51:39 P. M. main.Loguero info
INFO: Pantalla - Alto : 1080 - Ancho 1920
oct 30, 2024 1:51:39 P. M. main.Loguero info
INFO: Tema disponible - Metal
oct 30, 2024 1:51:39 P. M. main.Loguero info
INFO: Tema disponible - Nimbus
oct 30, 2024 1:51:44 P. M. main.Loguero info
INFO: javax.swing.plaf.metal.MetalLookAndFeel
oct 30, 2024 1:51:44 P. M. main.Loguero info
INFO: javax.swing.plaf.nimbus.NimbusLookAndFeel
oct 30, 2024 1:51:44 P. M. main.Loguero info
INFO: com.sun.java.swing.plaf.motif.MotifLookAndFeel
oct 30, 2024 1:51:44 P. M. main.Loguero info
INFO: com.sun.java.swing.plaf.windows.WindowsLookAndFeel
oct 30, 2024 1:51:44 P. M. main.Loguero info
INFO: com.sun.java.swing.plaf.windows.WindowsClassicLookAndFeel
oct 30, 2024 1:52:53 P. M. main.Loguero info
INFO: Pantalla - Alto : 1080 - Ancho 1920
oct 30, 2024 1:52:53 P. M. main.Loguero info
INFO: Tema disponible - Metal
oct 30, 2024 1:52:53 P. M. main.Loguero info
INFO: Tema disponible - Nimbus
oct 30, 2024 1:52:57 P. M. main.Loguero info
INFO: javax.swing.plaf.metal.MetalLookAndFeel
oct 30, 2024 1:52:57 P. M. main.Loguero info
INFO: javax.swing.plaf.nimbus.NimbusLookAndFeel
oct 30, 2024 1:52:57 P. M. main.Loguero info
INFO: com.sun.java.swing.plaf.motif.MotifLookAndFeel
oct 30, 2024 1:52:57 P. M. main.Loguero info
INFO: com.sun.java.swing.plaf.windows.WindowsLookAndFeel
oct 30, 2024 1:52:57 P. M. main.Loguero info
INFO: com.sun.java.swing.plaf.windows.WindowsClassicLookAndFeel
oct 30, 2024 1:53:42 P. M. main.Loguero info
INFO: Pantalla - Alto : 1080 - Ancho 1920
oct 30, 2024 1:53:42 P. M. main.Loguero info
INFO: Tema disponible - Metal
oct 30, 2024 1:53:42 P. M. main.Loguero info
INFO: Tema disponible - Nimbus
oct 30, 2024 1:53:46 P. M. main.Loguero info
INFO: javax.swing.plaf.metal.MetalLookAndFeel
oct 30, 2024 1:53:46 P. M. main.Loguero info
INFO: javax.swing.plaf.nimbus.NimbusLookAndFeel
oct 30, 2024 1:53:46 P. M. main.Loguero info
INFO: com.sun.java.swing.plaf.motif.MotifLookAndFeel
oct 30, 2024 1:53:46 P. M. main.Loguero info
INFO: com.sun.java.swing.plaf.windows.WindowsLookAndFeel
oct 30, 2024 1:53:46 P. M. main.Loguero info
INFO: com.sun.java.swing.plaf.windows.WindowsClassicLookAndFeel
oct 30, 2024 1:56:26 P. M. main.Loguero info
INFO: Pantalla - Alto : 1080 - Ancho 1920
oct 30, 2024 1:56:26 P. M. main.Loguero info
INFO: Tema disponible - Metal
oct 30, 2024 1:56:26 P. M. main.Loguero info
INFO: Tema disponible - Nimbus
oct 30, 2024 1:56:30 P. M. main.Loguero info
INFO: javax.swing.plaf.metal.MetalLookAndFeel
oct 30, 2024 1:56:30 P. M. main.Loguero info
INFO: javax.swing.plaf.nimbus.NimbusLookAndFeel
oct 30, 2024 1:56:30 P. M. main.Loguero info
INFO: com.sun.java.swing.plaf.motif.MotifLookAndFeel
oct 30, 2024 1:56:30 P. M. main.Loguero info
INFO: com.sun.java.swing.plaf.windows.WindowsLookAndFeel
oct 30, 2024 1:56:30 P. M. main.Loguero info
INFO: com.sun.java.swing.plaf.windows.WindowsClassicLookAndFeel
oct 30, 2024 1:57:37 P. M. main.Loguero info
INFO: Pantalla - Alto : 1080 - Ancho 1920
oct 30, 2024 1:57:37 P. M. main.Loguero info
INFO: Tema disponible - Metal
oct 30, 2024 1:57:37 P. M. main.Loguero info
INFO: Tema disponible - Nimbus
oct 30, 2024 1:57:42 P. M. main.Loguero info
INFO: javax.swing.plaf.metal.MetalLookAndFeel
oct 30, 2024 1:57:42 P. M. main.Loguero info
INFO: javax.swing.plaf.nimbus.NimbusLookAndFeel
oct 30, 2024 1:57:42 P. M. main.Loguero info
INFO: com.sun.java.swing.plaf.motif.MotifLookAndFeel
oct 30, 2024 1:57:42 P. M. main.Loguero info
INFO: com.sun.java.swing.plaf.windows.WindowsLookAndFeel
oct 30, 2024 1:57:42 P. M. main.Loguero info
INFO: com.sun.java.swing.plaf.windows.WindowsClassicLookAndFeel
oct 30, 2024 1:58:55 P. M. main.Loguero info
INFO: Pantalla - Alto : 1080 - Ancho 1920
oct 30, 2024 1:58:55 P. M. main.Loguero info
INFO: Tema disponible - Metal
oct 30, 2024 1:58:55 P. M. main.Loguero info
INFO: Tema disponible - Nimbus
oct 30, 2024 1:59:00 P. M. main.Loguero info
INFO: javax.swing.plaf.metal.MetalLookAndFeel
oct 30, 2024 1:59:00 P. M. main.Loguero info
INFO: javax.swing.plaf.nimbus.NimbusLookAndFeel
oct 30, 2024 1:59:00 P. M. main.Loguero info
INFO: com.sun.java.swing.plaf.motif.MotifLookAndFeel
oct 30, 2024 1:59:00 P. M. main.Loguero info
INFO: com.sun.java.swing.plaf.windows.WindowsLookAndFeel
oct 30, 2024 1:59:00 P. M. main.Loguero info
INFO: com.sun.java.swing.plaf.windows.WindowsClassicLookAndFeel
oct 30, 2024 1:59:32 P. M. main.Loguero info
INFO: Pantalla - Alto : 1080 - Ancho 1920
oct 30, 2024 1:59:32 P. M. main.Loguero info
INFO: Tema disponible - Metal
oct 30, 2024 1:59:32 P. M. main.Loguero info
INFO: Tema disponible - Nimbus
oct 30, 2024 1:59:37 P. M. main.Loguero info
INFO: javax.swing.plaf.metal.MetalLookAndFeel
oct 30, 2024 1:59:37 P. M. main.Loguero info
INFO: javax.swing.plaf.nimbus.NimbusLookAndFeel
oct 30, 2024 1:59:37 P. M. main.Loguero info
INFO: com.sun.java.swing.plaf.motif.MotifLookAndFeel
oct 30, 2024 1:59:37 P. M. main.Loguero info
INFO: com.sun.java.swing.plaf.windows.WindowsLookAndFeel
oct 30, 2024 1:59:37 P. M. main.Loguero info
INFO: com.sun.java.swing.plaf.windows.WindowsClassicLookAndFeel
oct 30, 2024 2:00:00 P. M. main.Loguero info
INFO: Pantalla - Alto : 1080 - Ancho 1920
oct 30, 2024 2:00:00 P. M. main.Loguero info
INFO: Tema disponible - Metal
oct 30, 2024 2:00:00 P. M. main.Loguero info
INFO: Tema disponible - Nimbus
oct 30, 2024 2:00:04 P. M. main.Loguero info
INFO: javax.swing.plaf.metal.MetalLookAndFeel
oct 30, 2024 2:00:04 P. M. main.Loguero info
INFO: javax.swing.plaf.nimbus.NimbusLookAndFeel
oct 30, 2024 2:00:04 P. M. main.Loguero info
INFO: com.sun.java.swing.plaf.motif.MotifLookAndFeel
oct 30, 2024 2:00:04 P. M. main.Loguero info
INFO: com.sun.java.swing.plaf.windows.WindowsLookAndFeel
oct 30, 2024 2:00:04 P. M. main.Loguero info
INFO: com.sun.java.swing.plaf.windows.WindowsClassicLookAndFeel
oct 30, 2024 2:00:37 P. M. main.Loguero info
INFO: Pantalla - Alto : 1080 - Ancho 1920
oct 30, 2024 2:00:37 P. M. main.Loguero info
INFO: Tema disponible - Metal
oct 30, 2024 2:00:37 P. M. main.Loguero info
INFO: Tema disponible - Nimbus
oct 30, 2024 2:00:41 P. M. main.Loguero info
INFO: javax.swing.plaf.metal.MetalLookAndFeel
oct 30, 2024 2:00:41 P. M. main.Loguero info
INFO: javax.swing.plaf.nimbus.NimbusLookAndFeel
oct 30, 2024 2:00:41 P. M. main.Loguero info
INFO: com.sun.java.swing.plaf.motif.MotifLookAndFeel
oct 30, 2024 2:00:41 P. M. main.Loguero info
INFO: com.sun.java.swing.plaf.windows.WindowsLookAndFeel
oct 30, 2024 2:00:41 P. M. main.Loguero info
INFO: com.sun.java.swing.plaf.windows.WindowsClassicLookAndFeel
oct 30, 2024 2:01:32 P. M. main.Loguero info
INFO: Pantalla - Alto : 1080 - Ancho 1920
oct 30, 2024 2:01:32 P. M. main.Loguero info
INFO: Tema disponible - Metal
oct 30, 2024 2:01:32 P. M. main.Loguero info
INFO: Tema disponible - Nimbus
oct 30, 2024 2:01:36 P. M. main.Loguero info
INFO: javax.swing.plaf.metal.MetalLookAndFeel
oct 30, 2024 2:01:36 P. M. main.Loguero info
INFO: javax.swing.plaf.nimbus.NimbusLookAndFeel
oct 30, 2024 2:01:36 P. M. main.Loguero info
INFO: com.sun.java.swing.plaf.motif.MotifLookAndFeel
oct 30, 2024 2:01:36 P. M. main.Loguero info
INFO: com.sun.java.swing.plaf.windows.WindowsLookAndFeel
oct 30, 2024 2:01:36 P. M. main.Loguero info
INFO: com.sun.java.swing.plaf.windows.WindowsClassicLookAndFeel
oct 30, 2024 2:02:40 P. M. main.Loguero info
INFO: Pantalla - Alto : 1080 - Ancho 1920
oct 30, 2024 2:02:40 P. M. main.Loguero info
INFO: Tema disponible - Metal
oct 30, 2024 2:02:40 P. M. main.Loguero info
INFO: Tema disponible - Nimbus
oct 30, 2024 2:02:44 P. M. main.Loguero info
INFO: javax.swing.plaf.metal.MetalLookAndFeel
oct 30, 2024 2:02:44 P. M. main.Loguero info
INFO: javax.swing.plaf.nimbus.NimbusLookAndFeel
oct 30, 2024 2:02:44 P. M. main.Loguero info
INFO: com.sun.java.swing.plaf.motif.MotifLookAndFeel
oct 30, 2024 2:02:44 P. M. main.Loguero info
INFO: com.sun.java.swing.plaf.windows.WindowsLookAndFeel
oct 30, 2024 2:02:44 P. M. main.Loguero info
INFO: com.sun.java.swing.plaf.windows.WindowsClassicLookAndFeel
oct 30, 2024 2:04:45 P. M. main.Loguero info
INFO: Pantalla - Alto : 1080 - Ancho 1920
oct 30, 2024 2:04:45 P. M. main.Loguero info
INFO: Tema disponible - Metal
oct 30, 2024 2:04:45 P. M. main.Loguero info
INFO: Tema disponible - Nimbus
oct 30, 2024 2:04:50 P. M. main.Loguero info
INFO: javax.swing.plaf.metal.MetalLookAndFeel
oct 30, 2024 2:04:50 P. M. main.Loguero info
INFO: javax.swing.plaf.nimbus.NimbusLookAndFeel
oct 30, 2024 2:04:50 P. M. main.Loguero info
INFO: com.sun.java.swing.plaf.motif.MotifLookAndFeel
oct 30, 2024 2:04:50 P. M. main.Loguero info
INFO: com.sun.java.swing.plaf.windows.WindowsLookAndFeel
oct 30, 2024 2:04:50 P. M. main.Loguero info
INFO: com.sun.java.swing.plaf.windows.WindowsClassicLookAndFeel
oct 30, 2024 2:07:04 P. M. main.Loguero info
INFO: Pantalla - Alto : 1080 - Ancho 1920
oct 30, 2024 2:07:04 P. M. main.Loguero info
INFO: Tema disponible - Metal
oct 30, 2024 2:07:04 P. M. main.Loguero info
INFO: Tema disponible - Nimbus
oct 30, 2024 2:07:08 P. M. main.Loguero info
INFO: javax.swing.plaf.metal.MetalLookAndFeel
oct 30, 2024 2:07:08 P. M. main.Loguero info
INFO: javax.swing.plaf.nimbus.NimbusLookAndFeel
oct 30, 2024 2:07:08 P. M. main.Loguero info
INFO: com.sun.java.swing.plaf.motif.MotifLookAndFeel
oct 30, 2024 2:07:08 P. M. main.Loguero info
INFO: com.sun.java.swing.plaf.windows.WindowsLookAndFeel
oct 30, 2024 2:07:08 P. M. main.Loguero info
INFO: com.sun.java.swing.plaf.windows.WindowsClassicLookAndFeel
oct 30, 2024 2:07:40 P. M. main.Loguero info
INFO: Pantalla - Alto : 1080 - Ancho 1920
oct 30, 2024 2:07:40 P. M. main.Loguero info
INFO: Tema disponible - Metal
oct 30, 2024 2:07:40 P. M. main.Loguero info
INFO: Tema disponible - Nimbus
oct 30, 2024 2:07:44 P. M. main.Loguero info
INFO: javax.swing.plaf.metal.MetalLookAndFeel
oct 30, 2024 2:07:44 P. M. main.Loguero info
INFO: javax.swing.plaf.nimbus.NimbusLookAndFeel
oct 30, 2024 2:07:44 P. M. main.Loguero info
INFO: com.sun.java.swing.plaf.motif.MotifLookAndFeel
oct 30, 2024 2:07:44 P. M. main.Loguero info
INFO: com.sun.java.swing.plaf.windows.WindowsLookAndFeel
oct 30, 2024 2:07:44 P. M. main.Loguero info
INFO: com.sun.java.swing.plaf.windows.WindowsClassicLookAndFeel
oct 30, 2024 2:08:24 P. M. main.Loguero info
INFO: Pantalla - Alto : 1080 - Ancho 1920
oct 30, 2024 2:08:24 P. M. main.Loguero info
INFO: Tema disponible - Metal
oct 30, 2024 2:08:24 P. M. main.Loguero info
INFO: Tema disponible - Nimbus
oct 30, 2024 2:08:29 P. M. main.Loguero info
INFO: javax.swing.plaf.metal.MetalLookAndFeel
oct 30, 2024 2:08:29 P. M. main.Loguero info
INFO: javax.swing.plaf.nimbus.NimbusLookAndFeel
oct 30, 2024 2:08:29 P. M. main.Loguero info
INFO: com.sun.java.swing.plaf.motif.MotifLookAndFeel
oct 30, 2024 2:08:29 P. M. main.Loguero info
INFO: com.sun.java.swing.plaf.windows.WindowsLookAndFeel
oct 30, 2024 2:08:29 P. M. main.Loguero info
INFO: com.sun.java.swing.plaf.windows.WindowsClassicLookAndFeel
oct 30, 2024 2:09:15 P. M. main.Loguero info
INFO: Pantalla - Alto : 1080 - Ancho 1920
oct 30, 2024 2:09:16 P. M. main.Loguero info
INFO: Tema disponible - Metal
oct 30, 2024 2:09:16 P. M. main.Loguero info
INFO: Tema disponible - Nimbus
oct 30, 2024 2:09:20 P. M. main.Loguero info
INFO: javax.swing.plaf.metal.MetalLookAndFeel
oct 30, 2024 2:09:20 P. M. main.Loguero info
INFO: javax.swing.plaf.nimbus.NimbusLookAndFeel
oct 30, 2024 2:09:20 P. M. main.Loguero info
INFO: com.sun.java.swing.plaf.motif.MotifLookAndFeel
oct 30, 2024 2:09:20 P. M. main.Loguero info
INFO: com.sun.java.swing.plaf.windows.WindowsLookAndFeel
oct 30, 2024 2:09:20 P. M. main.Loguero info
INFO: com.sun.java.swing.plaf.windows.WindowsClassicLookAndFeel
oct 30, 2024 2:10:09 P. M. main.Loguero info
INFO: Pantalla - Alto : 1080 - Ancho 1920
oct 30, 2024 2:10:09 P. M. main.Loguero info
INFO: Tema disponible - Metal
oct 30, 2024 2:10:09 P. M. main.Loguero info
INFO: Tema disponible - Nimbus
oct 30, 2024 2:10:13 P. M. main.Loguero info
INFO: javax.swing.plaf.metal.MetalLookAndFeel
oct 30, 2024 2:10:13 P. M. main.Loguero info
INFO: javax.swing.plaf.nimbus.NimbusLookAndFeel
oct 30, 2024 2:10:13 P. M. main.Loguero info
INFO: com.sun.java.swing.plaf.motif.MotifLookAndFeel
oct 30, 2024 2:10:13 P. M. main.Loguero info
INFO: com.sun.java.swing.plaf.windows.WindowsLookAndFeel
oct 30, 2024 2:10:13 P. M. main.Loguero info
INFO: com.sun.java.swing.plaf.windows.WindowsClassicLookAndFeel
oct 30, 2024 2:13:18 P. M. main.Loguero info
INFO: Pantalla - Alto : 1080 - Ancho 1920
oct 30, 2024 2:13:18 P. M. main.Loguero info
INFO: Tema disponible - Metal
oct 30, 2024 2:13:18 P. M. main.Loguero info
INFO: Tema disponible - Nimbus
oct 30, 2024 2:13:22 P. M. main.Loguero info
INFO: javax.swing.plaf.metal.MetalLookAndFeel
oct 30, 2024 2:13:22 P. M. main.Loguero info
INFO: javax.swing.plaf.nimbus.NimbusLookAndFeel
oct 30, 2024 2:13:22 P. M. main.Loguero info
INFO: com.sun.java.swing.plaf.motif.MotifLookAndFeel
oct 30, 2024 2:13:22 P. M. main.Loguero info
INFO: com.sun.java.swing.plaf.windows.WindowsLookAndFeel
oct 30, 2024 2:13:22 P. M. main.Loguero info
INFO: com.sun.java.swing.plaf.windows.WindowsClassicLookAndFeel
oct 30, 2024 2:36:46 P. M. main.Loguero info
INFO: Pantalla - Alto : 1080 - Ancho 1920
oct 30, 2024 2:36:46 P. M. main.Loguero info
INFO: Tema disponible - Metal
oct 30, 2024 2:36:46 P. M. main.Loguero info
INFO: Tema disponible - Nimbus
oct 30, 2024 2:36:50 P. M. main.Loguero info
INFO: javax.swing.plaf.metal.MetalLookAndFeel
oct 30, 2024 2:36:50 P. M. main.Loguero info
INFO: javax.swing.plaf.nimbus.NimbusLookAndFeel
oct 30, 2024 2:36:50 P. M. main.Loguero info
INFO: com.sun.java.swing.plaf.motif.MotifLookAndFeel
oct 30, 2024 2:36:50 P. M. main.Loguero info
INFO: com.sun.java.swing.plaf.windows.WindowsLookAndFeel
oct 30, 2024 2:36:50 P. M. main.Loguero info
INFO: com.sun.java.swing.plaf.windows.WindowsClassicLookAndFeel
oct 30, 2024 2:38:18 P. M. main.Loguero info
INFO: Pantalla - Alto : 1080 - Ancho 1920
oct 30, 2024 2:38:18 P. M. main.Loguero info
INFO: Tema disponible - Metal
oct 30, 2024 2:38:18 P. M. main.Loguero info
INFO: Tema disponible - Nimbus
oct 30, 2024 2:38:22 P. M. main.Loguero info
INFO: javax.swing.plaf.metal.MetalLookAndFeel
oct 30, 2024 2:38:22 P. M. main.Loguero info
INFO: javax.swing.plaf.nimbus.NimbusLookAndFeel
oct 30, 2024 2:38:22 P. M. main.Loguero info
INFO: com.sun.java.swing.plaf.motif.MotifLookAndFeel
oct 30, 2024 2:38:22 P. M. main.Loguero info
INFO: com.sun.java.swing.plaf.windows.WindowsLookAndFeel
oct 30, 2024 2:38:22 P. M. main.Loguero info
INFO: com.sun.java.swing.plaf.windows.WindowsClassicLookAndFeel
oct 30, 2024 2:38:48 P. M. main.Loguero info
INFO: Pantalla - Alto : 1080 - Ancho 1920
oct 30, 2024 2:38:48 P. M. main.Loguero info
INFO: Tema disponible - Metal
oct 30, 2024 2:38:48 P. M. main.Loguero info
INFO: Tema disponible - Nimbus
oct 30, 2024 2:38:52 P. M. main.Loguero info
INFO: javax.swing.plaf.metal.MetalLookAndFeel
oct 30, 2024 2:38:52 P. M. main.Loguero info
INFO: javax.swing.plaf.nimbus.NimbusLookAndFeel
oct 30, 2024 2:38:52 P. M. main.Loguero info
INFO: com.sun.java.swing.plaf.motif.MotifLookAndFeel
oct 30, 2024 2:38:52 P. M. main.Loguero info
INFO: com.sun.java.swing.plaf.windows.WindowsLookAndFeel
oct 30, 2024 2:38:52 P. M. main.Loguero info
INFO: com.sun.java.swing.plaf.windows.WindowsClassicLookAndFeel
oct 30, 2024 2:39:50 P. M. main.Loguero info
INFO: Pantalla - Alto : 1080 - Ancho 1920
oct 30, 2024 2:39:50 P. M. main.Loguero info
INFO: Tema disponible - Metal
oct 30, 2024 2:39:50 P. M. main.Loguero info
INFO: Tema disponible - Nimbus
oct 30, 2024 2:39:55 P. M. main.Loguero info
INFO: javax.swing.plaf.metal.MetalLookAndFeel
oct 30, 2024 2:39:55 P. M. main.Loguero info
INFO: javax.swing.plaf.nimbus.NimbusLookAndFeel
oct 30, 2024 2:39:55 P. M. main.Loguero info
INFO: com.sun.java.swing.plaf.motif.MotifLookAndFeel
oct 30, 2024 2:39:55 P. M. main.Loguero info
INFO: com.sun.java.swing.plaf.windows.WindowsLookAndFeel
oct 30, 2024 2:39:55 P. M. main.Loguero info
INFO: com.sun.java.swing.plaf.windows.WindowsClassicLookAndFeel
oct 30, 2024 2:40:47 P. M. main.Loguero info
INFO: Pantalla - Alto : 1080 - Ancho 1920
oct 30, 2024 2:40:47 P. M. main.Loguero info
INFO: Tema disponible - Metal
oct 30, 2024 2:40:47 P. M. main.Loguero info
INFO: Tema disponible - Nimbus
oct 30, 2024 2:40:52 P. M. main.Loguero info
INFO: javax.swing.plaf.metal.MetalLookAndFeel
oct 30, 2024 2:40:52 P. M. main.Loguero info
INFO: javax.swing.plaf.nimbus.NimbusLookAndFeel
oct 30, 2024 2:40:52 P. M. main.Loguero info
INFO: com.sun.java.swing.plaf.motif.MotifLookAndFeel
oct 30, 2024 2:40:52 P. M. main.Loguero info
INFO: com.sun.java.swing.plaf.windows.WindowsLookAndFeel
oct 30, 2024 2:40:52 P. M. main.Loguero info
INFO: com.sun.java.swing.plaf.windows.WindowsClassicLookAndFeel
oct 30, 2024 2:41:37 P. M. main.Loguero info
INFO: Pantalla - Alto : 1080 - Ancho 1920
oct 30, 2024 2:41:37 P. M. main.Loguero info
INFO: Tema disponible - Metal
oct 30, 2024 2:41:37 P. M. main.Loguero info
INFO: Tema disponible - Nimbus
oct 30, 2024 2:41:42 P. M. main.Loguero info
INFO: javax.swing.plaf.metal.MetalLookAndFeel
oct 30, 2024 2:41:42 P. M. main.Loguero info
INFO: javax.swing.plaf.nimbus.NimbusLookAndFeel
oct 30, 2024 2:41:42 P. M. main.Loguero info
INFO: com.sun.java.swing.plaf.motif.MotifLookAndFeel
oct 30, 2024 2:41:42 P. M. main.Loguero info
INFO: com.sun.java.swing.plaf.windows.WindowsLookAndFeel
oct 30, 2024 2:41:42 P. M. main.Loguero info
INFO: com.sun.java.swing.plaf.windows.WindowsClassicLookAndFeel
oct 30, 2024 2:42:13 P. M. main.Loguero info
INFO: Pantalla - Alto : 1080 - Ancho 1920
oct 30, 2024 2:42:13 P. M. main.Loguero info
INFO: Tema disponible - Metal
oct 30, 2024 2:42:13 P. M. main.Loguero info
INFO: Tema disponible - Nimbus
oct 30, 2024 2:42:18 P. M. main.Loguero info
INFO: javax.swing.plaf.metal.MetalLookAndFeel
oct 30, 2024 2:42:18 P. M. main.Loguero info
INFO: javax.swing.plaf.nimbus.NimbusLookAndFeel
oct 30, 2024 2:42:18 P. M. main.Loguero info
INFO: com.sun.java.swing.plaf.motif.MotifLookAndFeel
oct 30, 2024 2:42:18 P. M. main.Loguero info
INFO: com.sun.java.swing.plaf.windows.WindowsLookAndFeel
oct 30, 2024 2:42:18 P. M. main.Loguero info
INFO: com.sun.java.swing.plaf.windows.WindowsClassicLookAndFeel
oct 30, 2024 2:42:43 P. M. main.Loguero info
INFO: Pantalla - Alto : 1080 - Ancho 1920
oct 30, 2024 2:42:43 P. M. main.Loguero info
INFO: Tema disponible - Metal
oct 30, 2024 2:42:43 P. M. main.Loguero info
INFO: Tema disponible - Nimbus
oct 30, 2024 2:42:48 P. M. main.Loguero info
INFO: javax.swing.plaf.metal.MetalLookAndFeel
oct 30, 2024 2:42:48 P. M. main.Loguero info
INFO: javax.swing.plaf.nimbus.NimbusLookAndFeel
oct 30, 2024 2:42:48 P. M. main.Loguero info
INFO: com.sun.java.swing.plaf.motif.MotifLookAndFeel
oct 30, 2024 2:42:48 P. M. main.Loguero info
INFO: com.sun.java.swing.plaf.windows.WindowsLookAndFeel
oct 30, 2024 2:42:48 P. M. main.Loguero info
INFO: com.sun.java.swing.plaf.windows.WindowsClassicLookAndFeel
oct 30, 2024 2:44:20 P. M. main.Loguero info
INFO: Pantalla - Alto : 1080 - Ancho 1920
oct 30, 2024 2:44:20 P. M. main.Loguero info
INFO: Tema disponible - Metal
oct 30, 2024 2:44:20 P. M. main.Loguero info
INFO: Tema disponible - Nimbus
oct 30, 2024 2:44:25 P. M. main.Loguero info
INFO: javax.swing.plaf.metal.MetalLookAndFeel
oct 30, 2024 2:44:25 P. M. main.Loguero info
INFO: javax.swing.plaf.nimbus.NimbusLookAndFeel
oct 30, 2024 2:44:25 P. M. main.Loguero info
INFO: com.sun.java.swing.plaf.motif.MotifLookAndFeel
oct 30, 2024 2:44:25 P. M. main.Loguero info
INFO: com.sun.java.swing.plaf.windows.WindowsLookAndFeel
oct 30, 2024 2:44:25 P. M. main.Loguero info
INFO: com.sun.java.swing.plaf.windows.WindowsClassicLookAndFeel
oct 30, 2024 2:47:32 P. M. main.Loguero info
INFO: Pantalla - Alto : 1080 - Ancho 1920
oct 30, 2024 2:47:32 P. M. main.Loguero info
INFO: Tema disponible - Metal
oct 30, 2024 2:47:32 P. M. main.Loguero info
INFO: Tema disponible - Nimbus
oct 30, 2024 2:47:36 P. M. main.Loguero info
INFO: javax.swing.plaf.metal.MetalLookAndFeel
oct 30, 2024 2:47:36 P. M. main.Loguero info
INFO: javax.swing.plaf.nimbus.NimbusLookAndFeel
oct 30, 2024 2:47:36 P. M. main.Loguero info
INFO: com.sun.java.swing.plaf.motif.MotifLookAndFeel
oct 30, 2024 2:47:36 P. M. main.Loguero info
INFO: com.sun.java.swing.plaf.windows.WindowsLookAndFeel
oct 30, 2024 2:47:36 P. M. main.Loguero info
INFO: com.sun.java.swing.plaf.windows.WindowsClassicLookAndFeel
oct 30, 2024 2:48:18 P. M. main.Loguero info
INFO: Pantalla - Alto : 1080 - Ancho 1920
oct 30, 2024 2:48:18 P. M. main.Loguero info
INFO: Tema disponible - Metal
oct 30, 2024 2:48:18 P. M. main.Loguero info
INFO: Tema disponible - Nimbus
oct 30, 2024 2:48:22 P. M. main.Loguero info
INFO: javax.swing.plaf.metal.MetalLookAndFeel
oct 30, 2024 2:48:22 P. M. main.Loguero info
INFO: javax.swing.plaf.nimbus.NimbusLookAndFeel
oct 30, 2024 2:48:22 P. M. main.Loguero info
INFO: com.sun.java.swing.plaf.motif.MotifLookAndFeel
oct 30, 2024 2:48:22 P. M. main.Loguero info
INFO: com.sun.java.swing.plaf.windows.WindowsLookAndFeel
oct 30, 2024 2:48:22 P. M. main.Loguero info
INFO: com.sun.java.swing.plaf.windows.WindowsClassicLookAndFeel
oct 30, 2024 2:48:48 P. M. main.Loguero info
INFO: Pantalla - Alto : 1080 - Ancho 1920
oct 30, 2024 2:48:48 P. M. main.Loguero info
INFO: Tema disponible - Metal
oct 30, 2024 2:48:48 P. M. main.Loguero info
INFO: Tema disponible - Nimbus
oct 30, 2024 2:48:53 P. M. main.Loguero info
INFO: javax.swing.plaf.metal.MetalLookAndFeel
oct 30, 2024 2:48:53 P. M. main.Loguero info
INFO: javax.swing.plaf.nimbus.NimbusLookAndFeel
oct 30, 2024 2:48:53 P. M. main.Loguero info
INFO: com.sun.java.swing.plaf.motif.MotifLookAndFeel
oct 30, 2024 2:48:53 P. M. main.Loguero info
INFO: com.sun.java.swing.plaf.windows.WindowsLookAndFeel
oct 30, 2024 2:48:53 P. M. main.Loguero info
INFO: com.sun.java.swing.plaf.windows.WindowsClassicLookAndFeel
oct 30, 2024 2:49:37 P. M. main.Loguero info
INFO: Pantalla - Alto : 1080 - Ancho 1920
oct 30, 2024 2:49:37 P. M. main.Loguero info
INFO: Tema disponible - Metal
oct 30, 2024 2:49:37 P. M. main.Loguero info
INFO: Tema disponible - Nimbus
oct 30, 2024 2:49:41 P. M. main.Loguero info
INFO: javax.swing.plaf.metal.MetalLookAndFeel
oct 30, 2024 2:49:41 P. M. main.Loguero info
INFO: javax.swing.plaf.nimbus.NimbusLookAndFeel
oct 30, 2024 2:49:41 P. M. main.Loguero info
INFO: com.sun.java.swing.plaf.motif.MotifLookAndFeel
oct 30, 2024 2:49:41 P. M. main.Loguero info
INFO: com.sun.java.swing.plaf.windows.WindowsLookAndFeel
oct 30, 2024 2:49:41 P. M. main.Loguero info
INFO: com.sun.java.swing.plaf.windows.WindowsClassicLookAndFeel
oct 30, 2024 2:53:39 P. M. main.Loguero info
INFO: Pantalla - Alto : 1080 - Ancho 1920
oct 30, 2024 2:53:39 P. M. main.Loguero info
INFO: Tema disponible - Metal
oct 30, 2024 2:53:39 P. M. main.Loguero info
INFO: Tema disponible - Nimbus
oct 30, 2024 2:53:44 P. M. main.Loguero info
INFO: javax.swing.plaf.metal.MetalLookAndFeel
oct 30, 2024 2:53:44 P. M. main.Loguero info
INFO: javax.swing.plaf.nimbus.NimbusLookAndFeel
oct 30, 2024 2:53:44 P. M. main.Loguero info
INFO: com.sun.java.swing.plaf.motif.MotifLookAndFeel
oct 30, 2024 2:53:44 P. M. main.Loguero info
INFO: com.sun.java.swing.plaf.windows.WindowsLookAndFeel
oct 30, 2024 2:53:44 P. M. main.Loguero info
INFO: com.sun.java.swing.plaf.windows.WindowsClassicLookAndFeel
oct 30, 2024 2:57:08 P. M. main.Loguero info
INFO: Pantalla - Alto : 1080 - Ancho 1920
oct 30, 2024 2:57:08 P. M. main.Loguero info
INFO: Tema disponible - Metal
oct 30, 2024 2:57:08 P. M. main.Loguero info
INFO: Tema disponible - Nimbus
oct 30, 2024 2:57:12 P. M. main.Loguero info
INFO: javax.swing.plaf.metal.MetalLookAndFeel
oct 30, 2024 2:57:12 P. M. main.Loguero info
INFO: javax.swing.plaf.nimbus.NimbusLookAndFeel
oct 30, 2024 2:57:12 P. M. main.Loguero info
INFO: com.sun.java.swing.plaf.motif.MotifLookAndFeel
oct 30, 2024 2:57:12 P. M. main.Loguero info
INFO: com.sun.java.swing.plaf.windows.WindowsLookAndFeel
oct 30, 2024 2:57:12 P. M. main.Loguero info
INFO: com.sun.java.swing.plaf.windows.WindowsClassicLookAndFeel
