nov 08, 2024 7:10:53 P. M. main.Loguero info
INFORMACIÓN: Pantalla - Alto : 1080 - Ancho 1920
nov 08, 2024 7:10:53 P. M. main.Loguero info
INFORMACIÓN: Tema disponible - Metal
nov 08, 2024 7:10:53 P. M. main.Loguero info
INFORMACIÓN: Tema disponible - Nimbus
nov 08, 2024 7:10:57 P. M. main.Loguero info
INFORMACIÓN: javax.swing.plaf.metal.MetalLookAndFeel
nov 08, 2024 7:10:57 P. M. main.Loguero info
INFORMACIÓN: javax.swing.plaf.nimbus.NimbusLookAndFeel
nov 08, 2024 7:10:57 P. M. main.Loguero info
INFORMACIÓN: com.sun.java.swing.plaf.motif.MotifLookAndFeel
nov 08, 2024 7:10:57 P. M. main.Loguero info
INFORMACIÓN: com.sun.java.swing.plaf.gtk.GTKLookAndFeel
nov 08, 2024 7:11:00 P. M. main.Loguero info
INFORMACIÓN: Sistema LINUX (Linux)
Ruta ayuda: /home/jesus/Documentos/Programacion/Java/Correcta_General_GitHub/correctAE_General/correctAEyuda/es
nov 08, 2024 7:11:06 P. M. main.Loguero info
INFORMACIÓN: Sistema LINUX (Linux)
Ruta ayuda: /home/jesus/Documentos/Programacion/Java/Correcta_General_GitHub/correctAE_General/correctAEyuda/es
nov 08, 2024 7:11:12 P. M. main.Loguero info
INFORMACIÓN: Sistema LINUX (Linux)
Ruta ayuda: /home/jesus/Documentos/Programacion/Java/Correcta_General_GitHub/correctAE_General/correctAEyuda/es
nov 08, 2024 7:11:44 P. M. main.Loguero info
INFORMACIÓN: Sistema LINUX (Linux)
Ruta ayuda: /home/jesus/Documentos/Programacion/Java/Correcta_General_GitHub/correctAE_General/correctAEyuda/es
nov 08, 2024 7:12:09 P. M. main.Loguero info
INFORMACIÓN: Sistema LINUX (Linux)
Ruta ayuda: /home/jesus/Documentos/Programacion/Java/Correcta_General_GitHub/correctAE_General/correctAEyuda/es
nov 08, 2024 7:12:09 P. M. main.Loguero error
GRAVE: No se encuentra el navegador web del sistema
nov 08, 2024 7:13:53 P. M. main.Loguero info
INFORMACIÓN: Pantalla - Alto : 1080 - Ancho 1920
nov 08, 2024 7:13:53 P. M. main.Loguero info
INFORMACIÓN: Tema disponible - Metal
nov 08, 2024 7:13:53 P. M. main.Loguero info
INFORMACIÓN: Tema disponible - Nimbus
nov 08, 2024 7:13:58 P. M. main.Loguero info
INFORMACIÓN: javax.swing.plaf.metal.MetalLookAndFeel
nov 08, 2024 7:13:58 P. M. main.Loguero info
INFORMACIÓN: javax.swing.plaf.nimbus.NimbusLookAndFeel
nov 08, 2024 7:13:58 P. M. main.Loguero info
INFORMACIÓN: com.sun.java.swing.plaf.motif.MotifLookAndFeel
nov 08, 2024 7:13:58 P. M. main.Loguero info
INFORMACIÓN: com.sun.java.swing.plaf.gtk.GTKLookAndFeel
nov 08, 2024 7:14:03 P. M. main.Loguero info
INFORMACIÓN: Sistema LINUX (Linux)
Ruta ayuda: /home/jesus/Documentos/Programacion/Java/Correcta_General_GitHub/correctAE_General/correctAEyuda/es
nov 08, 2024 7:14:05 P. M. main.Loguero info
INFORMACIÓN: Sistema LINUX (Linux)
Ruta ayuda: /home/jesus/Documentos/Programacion/Java/Correcta_General_GitHub/correctAE_General/correctAEyuda/es
nov 09, 2024 6:18:51 P. M. main.Loguero info
INFORMACIÓN: Pantalla - Alto : 1080 - Ancho 1920
nov 09, 2024 6:18:51 P. M. main.Loguero info
INFORMACIÓN: Tema disponible - Metal
nov 09, 2024 6:18:51 P. M. main.Loguero info
INFORMACIÓN: Tema disponible - Nimbus
nov 09, 2024 6:18:55 P. M. main.Loguero info
INFORMACIÓN: javax.swing.plaf.metal.MetalLookAndFeel
nov 09, 2024 6:18:55 P. M. main.Loguero info
INFORMACIÓN: javax.swing.plaf.nimbus.NimbusLookAndFeel
nov 09, 2024 6:18:55 P. M. main.Loguero info
INFORMACIÓN: com.sun.java.swing.plaf.motif.MotifLookAndFeel
nov 09, 2024 6:18:55 P. M. main.Loguero info
INFORMACIÓN: com.sun.java.swing.plaf.gtk.GTKLookAndFeel
nov 09, 2024 6:18:58 P. M. main.Loguero info
INFORMACIÓN: Sistema LINUX (Linux)
Ruta ayuda: /home/jesus/Documentos/Programacion/Java/Correcta_General_GitHub/correctAE_General/correctAEyuda/es
nov 09, 2024 6:19:04 P. M. main.Loguero info
INFORMACIÓN: Sistema LINUX (Linux)
Ruta ayuda: /home/jesus/Documentos/Programacion/Java/Correcta_General_GitHub/correctAE_General/correctAEyuda/es
nov 09, 2024 6:26:52 P. M. main.Loguero info
INFORMACIÓN: Pantalla - Alto : 1080 - Ancho 1920
nov 09, 2024 6:26:53 P. M. main.Loguero info
INFORMACIÓN: Tema disponible - Metal
nov 09, 2024 6:26:53 P. M. main.Loguero info
INFORMACIÓN: Tema disponible - Nimbus
nov 09, 2024 6:26:57 P. M. main.Loguero info
INFORMACIÓN: javax.swing.plaf.metal.MetalLookAndFeel
nov 09, 2024 6:26:57 P. M. main.Loguero info
INFORMACIÓN: javax.swing.plaf.nimbus.NimbusLookAndFeel
nov 09, 2024 6:26:57 P. M. main.Loguero info
INFORMACIÓN: com.sun.java.swing.plaf.motif.MotifLookAndFeel
nov 09, 2024 6:26:57 P. M. main.Loguero info
INFORMACIÓN: com.sun.java.swing.plaf.gtk.GTKLookAndFeel
nov 09, 2024 6:27:27 P. M. main.Loguero info
INFORMACIÓN: Sistema LINUX (Linux)
Ruta ayuda: /home/jesus/Documentos/Programacion/Java/Correcta_General_GitHub/correctAE_General/correctAEyuda/es
nov 09, 2024 6:27:34 P. M. main.Loguero info
INFORMACIÓN: Sistema LINUX (Linux)
Ruta ayuda: /home/jesus/Documentos/Programacion/Java/Correcta_General_GitHub/correctAE_General/correctAEyuda/es
nov 09, 2024 6:27:43 P. M. main.Loguero info
INFORMACIÓN: Sistema LINUX (Linux)
Ruta ayuda: /home/jesus/Documentos/Programacion/Java/Correcta_General_GitHub/correctAE_General/correctAEyuda/es
nov 09, 2024 6:28:01 P. M. main.Loguero info
INFORMACIÓN: Sistema LINUX (Linux)
Ruta ayuda: /home/jesus/Documentos/Programacion/Java/Correcta_General_GitHub/correctAE_General/correctAEyuda/es
nov 09, 2024 6:28:01 P. M. main.Loguero info
INFORMACIÓN: Sistema LINUX (Linux)
Ruta ayuda: /home/jesus/Documentos/Programacion/Java/Correcta_General_GitHub/correctAE_General/correctAEyuda/es
nov 09, 2024 6:28:01 P. M. main.Loguero info
INFORMACIÓN: Sistema LINUX (Linux)
Ruta ayuda: /home/jesus/Documentos/Programacion/Java/Correcta_General_GitHub/correctAE_General/correctAEyuda/es
nov 09, 2024 6:28:01 P. M. main.Loguero info
INFORMACIÓN: Sistema LINUX (Linux)
Ruta ayuda: /home/jesus/Documentos/Programacion/Java/Correcta_General_GitHub/correctAE_General/correctAEyuda/es
nov 09, 2024 6:28:01 P. M. main.Loguero info
INFORMACIÓN: Sistema LINUX (Linux)
Ruta ayuda: /home/jesus/Documentos/Programacion/Java/Correcta_General_GitHub/correctAE_General/correctAEyuda/es
nov 09, 2024 6:28:01 P. M. main.Loguero info
INFORMACIÓN: Sistema LINUX (Linux)
Ruta ayuda: /home/jesus/Documentos/Programacion/Java/Correcta_General_GitHub/correctAE_General/correctAEyuda/es
nov 09, 2024 6:28:01 P. M. main.Loguero info
INFORMACIÓN: Sistema LINUX (Linux)
Ruta ayuda: /home/jesus/Documentos/Programacion/Java/Correcta_General_GitHub/correctAE_General/correctAEyuda/es
nov 09, 2024 6:28:01 P. M. main.Loguero info
INFORMACIÓN: Sistema LINUX (Linux)
Ruta ayuda: /home/jesus/Documentos/Programacion/Java/Correcta_General_GitHub/correctAE_General/correctAEyuda/es
nov 09, 2024 6:28:01 P. M. main.Loguero info
INFORMACIÓN: Sistema LINUX (Linux)
Ruta ayuda: /home/jesus/Documentos/Programacion/Java/Correcta_General_GitHub/correctAE_General/correctAEyuda/es
nov 09, 2024 6:28:01 P. M. main.Loguero info
INFORMACIÓN: Sistema LINUX (Linux)
Ruta ayuda: /home/jesus/Documentos/Programacion/Java/Correcta_General_GitHub/correctAE_General/correctAEyuda/es
nov 09, 2024 6:28:01 P. M. main.Loguero info
INFORMACIÓN: Sistema LINUX (Linux)
Ruta ayuda: /home/jesus/Documentos/Programacion/Java/Correcta_General_GitHub/correctAE_General/correctAEyuda/es
nov 09, 2024 6:28:01 P. M. main.Loguero info
INFORMACIÓN: Sistema LINUX (Linux)
Ruta ayuda: /home/jesus/Documentos/Programacion/Java/Correcta_General_GitHub/correctAE_General/correctAEyuda/es
nov 09, 2024 6:28:01 P. M. main.Loguero info
INFORMACIÓN: Sistema LINUX (Linux)
Ruta ayuda: /home/jesus/Documentos/Programacion/Java/Correcta_General_GitHub/correctAE_General/correctAEyuda/es
nov 09, 2024 6:28:01 P. M. main.Loguero info
INFORMACIÓN: Sistema LINUX (Linux)
Ruta ayuda: /home/jesus/Documentos/Programacion/Java/Correcta_General_GitHub/correctAE_General/correctAEyuda/es
nov 09, 2024 6:28:01 P. M. main.Loguero info
INFORMACIÓN: Sistema LINUX (Linux)
Ruta ayuda: /home/jesus/Documentos/Programacion/Java/Correcta_General_GitHub/correctAE_General/correctAEyuda/es
nov 09, 2024 6:28:01 P. M. main.Loguero info
INFORMACIÓN: Sistema LINUX (Linux)
Ruta ayuda: /home/jesus/Documentos/Programacion/Java/Correcta_General_GitHub/correctAE_General/correctAEyuda/es
nov 09, 2024 6:28:01 P. M. main.Loguero info
INFORMACIÓN: Sistema LINUX (Linux)
Ruta ayuda: /home/jesus/Documentos/Programacion/Java/Correcta_General_GitHub/correctAE_General/correctAEyuda/es
nov 09, 2024 6:28:01 P. M. main.Loguero info
INFORMACIÓN: Sistema LINUX (Linux)
Ruta ayuda: /home/jesus/Documentos/Programacion/Java/Correcta_General_GitHub/correctAE_General/correctAEyuda/es
nov 09, 2024 6:28:01 P. M. main.Loguero info
INFORMACIÓN: Sistema LINUX (Linux)
Ruta ayuda: /home/jesus/Documentos/Programacion/Java/Correcta_General_GitHub/correctAE_General/correctAEyuda/es
nov 09, 2024 6:28:01 P. M. main.Loguero info
INFORMACIÓN: Sistema LINUX (Linux)
Ruta ayuda: /home/jesus/Documentos/Programacion/Java/Correcta_General_GitHub/correctAE_General/correctAEyuda/es
nov 09, 2024 6:28:01 P. M. main.Loguero info
INFORMACIÓN: Sistema LINUX (Linux)
Ruta ayuda: /home/jesus/Documentos/Programacion/Java/Correcta_General_GitHub/correctAE_General/correctAEyuda/es
nov 09, 2024 6:28:01 P. M. main.Loguero info
INFORMACIÓN: Sistema LINUX (Linux)
Ruta ayuda: /home/jesus/Documentos/Programacion/Java/Correcta_General_GitHub/correctAE_General/correctAEyuda/es
nov 09, 2024 6:28:01 P. M. main.Loguero info
INFORMACIÓN: Sistema LINUX (Linux)
Ruta ayuda: /home/jesus/Documentos/Programacion/Java/Correcta_General_GitHub/correctAE_General/correctAEyuda/es
nov 09, 2024 6:28:01 P. M. main.Loguero info
INFORMACIÓN: Sistema LINUX (Linux)
Ruta ayuda: /home/jesus/Documentos/Programacion/Java/Correcta_General_GitHub/correctAE_General/correctAEyuda/es
nov 09, 2024 6:28:01 P. M. main.Loguero info
INFORMACIÓN: Sistema LINUX (Linux)
Ruta ayuda: /home/jesus/Documentos/Programacion/Java/Correcta_General_GitHub/correctAE_General/correctAEyuda/es
nov 09, 2024 6:28:01 P. M. main.Loguero info
INFORMACIÓN: Sistema LINUX (Linux)
Ruta ayuda: /home/jesus/Documentos/Programacion/Java/Correcta_General_GitHub/correctAE_General/correctAEyuda/es
nov 09, 2024 6:28:01 P. M. main.Loguero info
INFORMACIÓN: Sistema LINUX (Linux)
Ruta ayuda: /home/jesus/Documentos/Programacion/Java/Correcta_General_GitHub/correctAE_General/correctAEyuda/es
nov 09, 2024 6:28:01 P. M. main.Loguero info
INFORMACIÓN: Sistema LINUX (Linux)
Ruta ayuda: /home/jesus/Documentos/Programacion/Java/Correcta_General_GitHub/correctAE_General/correctAEyuda/es
nov 09, 2024 6:28:01 P. M. main.Loguero info
INFORMACIÓN: Sistema LINUX (Linux)
Ruta ayuda: /home/jesus/Documentos/Programacion/Java/Correcta_General_GitHub/correctAE_General/correctAEyuda/es
nov 09, 2024 6:28:02 P. M. main.Loguero info
INFORMACIÓN: Sistema LINUX (Linux)
Ruta ayuda: /home/jesus/Documentos/Programacion/Java/Correcta_General_GitHub/correctAE_General/correctAEyuda/es
nov 09, 2024 6:28:02 P. M. main.Loguero info
INFORMACIÓN: Sistema LINUX (Linux)
Ruta ayuda: /home/jesus/Documentos/Programacion/Java/Correcta_General_GitHub/correctAE_General/correctAEyuda/es
nov 09, 2024 6:28:02 P. M. main.Loguero info
INFORMACIÓN: Sistema LINUX (Linux)
Ruta ayuda: /home/jesus/Documentos/Programacion/Java/Correcta_General_GitHub/correctAE_General/correctAEyuda/es
nov 09, 2024 6:28:02 P. M. main.Loguero info
INFORMACIÓN: Sistema LINUX (Linux)
Ruta ayuda: /home/jesus/Documentos/Programacion/Java/Correcta_General_GitHub/correctAE_General/correctAEyuda/es
nov 09, 2024 6:28:02 P. M. main.Loguero info
INFORMACIÓN: Sistema LINUX (Linux)
Ruta ayuda: /home/jesus/Documentos/Programacion/Java/Correcta_General_GitHub/correctAE_General/correctAEyuda/es
nov 09, 2024 6:28:02 P. M. main.Loguero info
INFORMACIÓN: Sistema LINUX (Linux)
Ruta ayuda: /home/jesus/Documentos/Programacion/Java/Correcta_General_GitHub/correctAE_General/correctAEyuda/es
nov 09, 2024 6:28:02 P. M. main.Loguero info
INFORMACIÓN: Sistema LINUX (Linux)
Ruta ayuda: /home/jesus/Documentos/Programacion/Java/Correcta_General_GitHub/correctAE_General/correctAEyuda/es
nov 09, 2024 6:28:02 P. M. main.Loguero info
INFORMACIÓN: Sistema LINUX (Linux)
Ruta ayuda: /home/jesus/Documentos/Programacion/Java/Correcta_General_GitHub/correctAE_General/correctAEyuda/es
nov 09, 2024 6:28:02 P. M. main.Loguero info
INFORMACIÓN: Sistema LINUX (Linux)
Ruta ayuda: /home/jesus/Documentos/Programacion/Java/Correcta_General_GitHub/correctAE_General/correctAEyuda/es
nov 09, 2024 6:28:02 P. M. main.Loguero info
INFORMACIÓN: Sistema LINUX (Linux)
Ruta ayuda: /home/jesus/Documentos/Programacion/Java/Correcta_General_GitHub/correctAE_General/correctAEyuda/es
nov 09, 2024 6:28:02 P. M. main.Loguero info
INFORMACIÓN: Sistema LINUX (Linux)
Ruta ayuda: /home/jesus/Documentos/Programacion/Java/Correcta_General_GitHub/correctAE_General/correctAEyuda/es
nov 09, 2024 6:28:02 P. M. main.Loguero info
INFORMACIÓN: Sistema LINUX (Linux)
Ruta ayuda: /home/jesus/Documentos/Programacion/Java/Correcta_General_GitHub/correctAE_General/correctAEyuda/es
nov 09, 2024 6:28:02 P. M. main.Loguero info
INFORMACIÓN: Sistema LINUX (Linux)
Ruta ayuda: /home/jesus/Documentos/Programacion/Java/Correcta_General_GitHub/correctAE_General/correctAEyuda/es
nov 09, 2024 6:28:02 P. M. main.Loguero info
INFORMACIÓN: Sistema LINUX (Linux)
Ruta ayuda: /home/jesus/Documentos/Programacion/Java/Correcta_General_GitHub/correctAE_General/correctAEyuda/es
nov 09, 2024 6:28:02 P. M. main.Loguero info
INFORMACIÓN: Sistema LINUX (Linux)
Ruta ayuda: /home/jesus/Documentos/Programacion/Java/Correcta_General_GitHub/correctAE_General/correctAEyuda/es
nov 09, 2024 6:28:02 P. M. main.Loguero info
INFORMACIÓN: Sistema LINUX (Linux)
Ruta ayuda: /home/jesus/Documentos/Programacion/Java/Correcta_General_GitHub/correctAE_General/correctAEyuda/es
nov 09, 2024 6:28:02 P. M. main.Loguero info
INFORMACIÓN: Sistema LINUX (Linux)
Ruta ayuda: /home/jesus/Documentos/Programacion/Java/Correcta_General_GitHub/correctAE_General/correctAEyuda/es
nov 09, 2024 6:28:02 P. M. main.Loguero info
INFORMACIÓN: Sistema LINUX (Linux)
Ruta ayuda: /home/jesus/Documentos/Programacion/Java/Correcta_General_GitHub/correctAE_General/correctAEyuda/es
nov 09, 2024 6:28:02 P. M. main.Loguero info
INFORMACIÓN: Sistema LINUX (Linux)
Ruta ayuda: /home/jesus/Documentos/Programacion/Java/Correcta_General_GitHub/correctAE_General/correctAEyuda/es
nov 09, 2024 6:28:02 P. M. main.Loguero info
INFORMACIÓN: Sistema LINUX (Linux)
Ruta ayuda: /home/jesus/Documentos/Programacion/Java/Correcta_General_GitHub/correctAE_General/correctAEyuda/es
nov 09, 2024 6:28:02 P. M. main.Loguero info
INFORMACIÓN: Sistema LINUX (Linux)
Ruta ayuda: /home/jesus/Documentos/Programacion/Java/Correcta_General_GitHub/correctAE_General/correctAEyuda/es
nov 09, 2024 6:28:02 P. M. main.Loguero info
INFORMACIÓN: Sistema LINUX (Linux)
Ruta ayuda: /home/jesus/Documentos/Programacion/Java/Correcta_General_GitHub/correctAE_General/correctAEyuda/es
nov 09, 2024 6:28:02 P. M. main.Loguero info
INFORMACIÓN: Sistema LINUX (Linux)
Ruta ayuda: /home/jesus/Documentos/Programacion/Java/Correcta_General_GitHub/correctAE_General/correctAEyuda/es
nov 09, 2024 6:28:02 P. M. main.Loguero info
INFORMACIÓN: Sistema LINUX (Linux)
Ruta ayuda: /home/jesus/Documentos/Programacion/Java/Correcta_General_GitHub/correctAE_General/correctAEyuda/es
nov 09, 2024 6:28:02 P. M. main.Loguero info
INFORMACIÓN: Sistema LINUX (Linux)
Ruta ayuda: /home/jesus/Documentos/Programacion/Java/Correcta_General_GitHub/correctAE_General/correctAEyuda/es
nov 09, 2024 6:28:02 P. M. main.Loguero info
INFORMACIÓN: Sistema LINUX (Linux)
Ruta ayuda: /home/jesus/Documentos/Programacion/Java/Correcta_General_GitHub/correctAE_General/correctAEyuda/es
nov 09, 2024 6:28:02 P. M. main.Loguero info
INFORMACIÓN: Sistema LINUX (Linux)
Ruta ayuda: /home/jesus/Documentos/Programacion/Java/Correcta_General_GitHub/correctAE_General/correctAEyuda/es
nov 09, 2024 6:28:02 P. M. main.Loguero info
INFORMACIÓN: Sistema LINUX (Linux)
Ruta ayuda: /home/jesus/Documentos/Programacion/Java/Correcta_General_GitHub/correctAE_General/correctAEyuda/es
nov 09, 2024 6:28:02 P. M. main.Loguero info
INFORMACIÓN: Sistema LINUX (Linux)
Ruta ayuda: /home/jesus/Documentos/Programacion/Java/Correcta_General_GitHub/correctAE_General/correctAEyuda/es
nov 09, 2024 6:28:02 P. M. main.Loguero info
INFORMACIÓN: Sistema LINUX (Linux)
Ruta ayuda: /home/jesus/Documentos/Programacion/Java/Correcta_General_GitHub/correctAE_General/correctAEyuda/es
nov 09, 2024 6:28:02 P. M. main.Loguero info
INFORMACIÓN: Sistema LINUX (Linux)
Ruta ayuda: /home/jesus/Documentos/Programacion/Java/Correcta_General_GitHub/correctAE_General/correctAEyuda/es
nov 09, 2024 6:28:02 P. M. main.Loguero info
INFORMACIÓN: Sistema LINUX (Linux)
Ruta ayuda: /home/jesus/Documentos/Programacion/Java/Correcta_General_GitHub/correctAE_General/correctAEyuda/es
nov 09, 2024 6:28:02 P. M. main.Loguero info
INFORMACIÓN: Sistema LINUX (Linux)
Ruta ayuda: /home/jesus/Documentos/Programacion/Java/Correcta_General_GitHub/correctAE_General/correctAEyuda/es
nov 09, 2024 6:28:02 P. M. main.Loguero info
INFORMACIÓN: Sistema LINUX (Linux)
Ruta ayuda: /home/jesus/Documentos/Programacion/Java/Correcta_General_GitHub/correctAE_General/correctAEyuda/es
nov 09, 2024 6:28:02 P. M. main.Loguero info
INFORMACIÓN: Sistema LINUX (Linux)
Ruta ayuda: /home/jesus/Documentos/Programacion/Java/Correcta_General_GitHub/correctAE_General/correctAEyuda/es
nov 09, 2024 6:28:02 P. M. main.Loguero info
INFORMACIÓN: Sistema LINUX (Linux)
Ruta ayuda: /home/jesus/Documentos/Programacion/Java/Correcta_General_GitHub/correctAE_General/correctAEyuda/es
nov 09, 2024 6:28:02 P. M. main.Loguero info
INFORMACIÓN: Sistema LINUX (Linux)
Ruta ayuda: /home/jesus/Documentos/Programacion/Java/Correcta_General_GitHub/correctAE_General/correctAEyuda/es
nov 09, 2024 6:28:02 P. M. main.Loguero info
INFORMACIÓN: Sistema LINUX (Linux)
Ruta ayuda: /home/jesus/Documentos/Programacion/Java/Correcta_General_GitHub/correctAE_General/correctAEyuda/es
nov 09, 2024 6:28:02 P. M. main.Loguero info
INFORMACIÓN: Sistema LINUX (Linux)
Ruta ayuda: /home/jesus/Documentos/Programacion/Java/Correcta_General_GitHub/correctAE_General/correctAEyuda/es
nov 09, 2024 6:28:02 P. M. main.Loguero info
INFORMACIÓN: Sistema LINUX (Linux)
Ruta ayuda: /home/jesus/Documentos/Programacion/Java/Correcta_General_GitHub/correctAE_General/correctAEyuda/es
nov 09, 2024 6:28:02 P. M. main.Loguero info
INFORMACIÓN: Sistema LINUX (Linux)
Ruta ayuda: /home/jesus/Documentos/Programacion/Java/Correcta_General_GitHub/correctAE_General/correctAEyuda/es
nov 09, 2024 6:28:02 P. M. main.Loguero info
INFORMACIÓN: Sistema LINUX (Linux)
Ruta ayuda: /home/jesus/Documentos/Programacion/Java/Correcta_General_GitHub/correctAE_General/correctAEyuda/es
nov 09, 2024 6:28:02 P. M. main.Loguero info
INFORMACIÓN: Sistema LINUX (Linux)
Ruta ayuda: /home/jesus/Documentos/Programacion/Java/Correcta_General_GitHub/correctAE_General/correctAEyuda/es
nov 09, 2024 6:28:02 P. M. main.Loguero info
INFORMACIÓN: Sistema LINUX (Linux)
Ruta ayuda: /home/jesus/Documentos/Programacion/Java/Correcta_General_GitHub/correctAE_General/correctAEyuda/es
nov 09, 2024 6:28:02 P. M. main.Loguero info
INFORMACIÓN: Sistema LINUX (Linux)
Ruta ayuda: /home/jesus/Documentos/Programacion/Java/Correcta_General_GitHub/correctAE_General/correctAEyuda/es
nov 09, 2024 6:28:02 P. M. main.Loguero info
INFORMACIÓN: Sistema LINUX (Linux)
Ruta ayuda: /home/jesus/Documentos/Programacion/Java/Correcta_General_GitHub/correctAE_General/correctAEyuda/es
nov 09, 2024 6:28:02 P. M. main.Loguero info
INFORMACIÓN: Sistema LINUX (Linux)
Ruta ayuda: /home/jesus/Documentos/Programacion/Java/Correcta_General_GitHub/correctAE_General/correctAEyuda/es
nov 09, 2024 6:28:02 P. M. main.Loguero info
INFORMACIÓN: Sistema LINUX (Linux)
Ruta ayuda: /home/jesus/Documentos/Programacion/Java/Correcta_General_GitHub/correctAE_General/correctAEyuda/es
nov 09, 2024 6:28:02 P. M. main.Loguero info
INFORMACIÓN: Sistema LINUX (Linux)
Ruta ayuda: /home/jesus/Documentos/Programacion/Java/Correcta_General_GitHub/correctAE_General/correctAEyuda/es
nov 09, 2024 6:28:02 P. M. main.Loguero info
INFORMACIÓN: Sistema LINUX (Linux)
Ruta ayuda: /home/jesus/Documentos/Programacion/Java/Correcta_General_GitHub/correctAE_General/correctAEyuda/es
nov 09, 2024 6:28:02 P. M. main.Loguero info
INFORMACIÓN: Sistema LINUX (Linux)
Ruta ayuda: /home/jesus/Documentos/Programacion/Java/Correcta_General_GitHub/correctAE_General/correctAEyuda/es
nov 09, 2024 6:28:02 P. M. main.Loguero info
INFORMACIÓN: Sistema LINUX (Linux)
Ruta ayuda: /home/jesus/Documentos/Programacion/Java/Correcta_General_GitHub/correctAE_General/correctAEyuda/es
nov 09, 2024 6:28:02 P. M. main.Loguero info
INFORMACIÓN: Sistema LINUX (Linux)
Ruta ayuda: /home/jesus/Documentos/Programacion/Java/Correcta_General_GitHub/correctAE_General/correctAEyuda/es
nov 09, 2024 6:28:02 P. M. main.Loguero info
INFORMACIÓN: Sistema LINUX (Linux)
Ruta ayuda: /home/jesus/Documentos/Programacion/Java/Correcta_General_GitHub/correctAE_General/correctAEyuda/es
nov 09, 2024 6:28:02 P. M. main.Loguero info
INFORMACIÓN: Sistema LINUX (Linux)
Ruta ayuda: /home/jesus/Documentos/Programacion/Java/Correcta_General_GitHub/correctAE_General/correctAEyuda/es
nov 09, 2024 6:28:02 P. M. main.Loguero info
INFORMACIÓN: Sistema LINUX (Linux)
Ruta ayuda: /home/jesus/Documentos/Programacion/Java/Correcta_General_GitHub/correctAE_General/correctAEyuda/es
nov 09, 2024 6:28:02 P. M. main.Loguero info
INFORMACIÓN: Sistema LINUX (Linux)
Ruta ayuda: /home/jesus/Documentos/Programacion/Java/Correcta_General_GitHub/correctAE_General/correctAEyuda/es
nov 09, 2024 6:28:02 P. M. main.Loguero info
INFORMACIÓN: Sistema LINUX (Linux)
Ruta ayuda: /home/jesus/Documentos/Programacion/Java/Correcta_General_GitHub/correctAE_General/correctAEyuda/es
nov 09, 2024 6:28:02 P. M. main.Loguero info
INFORMACIÓN: Sistema LINUX (Linux)
Ruta ayuda: /home/jesus/Documentos/Programacion/Java/Correcta_General_GitHub/correctAE_General/correctAEyuda/es
nov 09, 2024 6:28:02 P. M. main.Loguero info
INFORMACIÓN: Sistema LINUX (Linux)
Ruta ayuda: /home/jesus/Documentos/Programacion/Java/Correcta_General_GitHub/correctAE_General/correctAEyuda/es
nov 09, 2024 6:28:02 P. M. main.Loguero info
INFORMACIÓN: Sistema LINUX (Linux)
Ruta ayuda: /home/jesus/Documentos/Programacion/Java/Correcta_General_GitHub/correctAE_General/correctAEyuda/es
nov 09, 2024 6:28:02 P. M. main.Loguero info
INFORMACIÓN: Sistema LINUX (Linux)
Ruta ayuda: /home/jesus/Documentos/Programacion/Java/Correcta_General_GitHub/correctAE_General/correctAEyuda/es
nov 09, 2024 6:28:02 P. M. main.Loguero info
INFORMACIÓN: Sistema LINUX (Linux)
Ruta ayuda: /home/jesus/Documentos/Programacion/Java/Correcta_General_GitHub/correctAE_General/correctAEyuda/es
nov 09, 2024 6:28:02 P. M. main.Loguero info
INFORMACIÓN: Sistema LINUX (Linux)
Ruta ayuda: /home/jesus/Documentos/Programacion/Java/Correcta_General_GitHub/correctAE_General/correctAEyuda/es
nov 09, 2024 6:28:02 P. M. main.Loguero info
INFORMACIÓN: Sistema LINUX (Linux)
Ruta ayuda: /home/jesus/Documentos/Programacion/Java/Correcta_General_GitHub/correctAE_General/correctAEyuda/es
nov 09, 2024 6:28:02 P. M. main.Loguero info
INFORMACIÓN: Sistema LINUX (Linux)
Ruta ayuda: /home/jesus/Documentos/Programacion/Java/Correcta_General_GitHub/correctAE_General/correctAEyuda/es
nov 09, 2024 6:28:02 P. M. main.Loguero info
INFORMACIÓN: Sistema LINUX (Linux)
Ruta ayuda: /home/jesus/Documentos/Programacion/Java/Correcta_General_GitHub/correctAE_General/correctAEyuda/es
nov 09, 2024 6:28:02 P. M. main.Loguero info
INFORMACIÓN: Sistema LINUX (Linux)
Ruta ayuda: /home/jesus/Documentos/Programacion/Java/Correcta_General_GitHub/correctAE_General/correctAEyuda/es
nov 09, 2024 6:28:02 P. M. main.Loguero info
INFORMACIÓN: Sistema LINUX (Linux)
Ruta ayuda: /home/jesus/Documentos/Programacion/Java/Correcta_General_GitHub/correctAE_General/correctAEyuda/es
nov 09, 2024 6:28:02 P. M. main.Loguero info
INFORMACIÓN: Sistema LINUX (Linux)
Ruta ayuda: /home/jesus/Documentos/Programacion/Java/Correcta_General_GitHub/correctAE_General/correctAEyuda/es
nov 09, 2024 6:28:02 P. M. main.Loguero info
INFORMACIÓN: Sistema LINUX (Linux)
Ruta ayuda: /home/jesus/Documentos/Programacion/Java/Correcta_General_GitHub/correctAE_General/correctAEyuda/es
nov 09, 2024 6:29:14 P. M. main.Loguero info
INFORMACIÓN: Pantalla - Alto : 1080 - Ancho 1920
nov 09, 2024 6:29:14 P. M. main.Loguero info
INFORMACIÓN: Tema disponible - Metal
nov 09, 2024 6:29:14 P. M. main.Loguero info
INFORMACIÓN: Tema disponible - Nimbus
nov 09, 2024 6:29:18 P. M. main.Loguero info
INFORMACIÓN: javax.swing.plaf.metal.MetalLookAndFeel
nov 09, 2024 6:29:18 P. M. main.Loguero info
INFORMACIÓN: javax.swing.plaf.nimbus.NimbusLookAndFeel
nov 09, 2024 6:29:18 P. M. main.Loguero info
INFORMACIÓN: com.sun.java.swing.plaf.motif.MotifLookAndFeel
nov 09, 2024 6:29:18 P. M. main.Loguero info
INFORMACIÓN: com.sun.java.swing.plaf.gtk.GTKLookAndFeel
nov 09, 2024 6:29:21 P. M. main.Loguero info
INFORMACIÓN: Sistema LINUX (Linux)
Ruta ayuda: /home/jesus/Documentos/Programacion/Java/Correcta_General_GitHub/correctAE_General/correctAEyuda/es
nov 09, 2024 6:29:41 P. M. main.Loguero info
INFORMACIÓN: Pantalla - Alto : 1080 - Ancho 1920
nov 09, 2024 6:29:41 P. M. main.Loguero info
INFORMACIÓN: Tema disponible - Metal
nov 09, 2024 6:29:41 P. M. main.Loguero info
INFORMACIÓN: Tema disponible - Nimbus
nov 09, 2024 6:29:46 P. M. main.Loguero info
INFORMACIÓN: javax.swing.plaf.metal.MetalLookAndFeel
nov 09, 2024 6:29:46 P. M. main.Loguero info
INFORMACIÓN: javax.swing.plaf.nimbus.NimbusLookAndFeel
nov 09, 2024 6:29:46 P. M. main.Loguero info
INFORMACIÓN: com.sun.java.swing.plaf.motif.MotifLookAndFeel
nov 09, 2024 6:29:46 P. M. main.Loguero info
INFORMACIÓN: com.sun.java.swing.plaf.gtk.GTKLookAndFeel
nov 09, 2024 6:29:48 P. M. main.Loguero info
INFORMACIÓN: Sistema LINUX (Linux)
Ruta ayuda: /home/jesus/Documentos/Programacion/Java/Correcta_General_GitHub/correctAE_General/correctAEyuda/es
nov 09, 2024 6:30:10 P. M. main.Loguero info
INFORMACIÓN: Pantalla - Alto : 1080 - Ancho 1920
nov 09, 2024 6:30:11 P. M. main.Loguero info
INFORMACIÓN: Tema disponible - Metal
nov 09, 2024 6:30:11 P. M. main.Loguero info
INFORMACIÓN: Tema disponible - Nimbus
nov 09, 2024 6:30:15 P. M. main.Loguero info
INFORMACIÓN: javax.swing.plaf.metal.MetalLookAndFeel
nov 09, 2024 6:30:15 P. M. main.Loguero info
INFORMACIÓN: javax.swing.plaf.nimbus.NimbusLookAndFeel
nov 09, 2024 6:30:15 P. M. main.Loguero info
INFORMACIÓN: com.sun.java.swing.plaf.motif.MotifLookAndFeel
nov 09, 2024 6:30:15 P. M. main.Loguero info
INFORMACIÓN: com.sun.java.swing.plaf.gtk.GTKLookAndFeel
nov 09, 2024 6:30:19 P. M. main.Loguero info
INFORMACIÓN: Sistema LINUX (Linux)
Ruta ayuda: /home/jesus/Documentos/Programacion/Java/Correcta_General_GitHub/correctAE_General/correctAEyuda/es
nov 09, 2024 6:42:54 P. M. main.Loguero info
INFORMACIÓN: Pantalla - Alto : 1080 - Ancho 1920
nov 09, 2024 6:42:54 P. M. main.Loguero info
INFORMACIÓN: Tema disponible - Metal
nov 09, 2024 6:42:54 P. M. main.Loguero info
INFORMACIÓN: Tema disponible - Nimbus
nov 09, 2024 6:42:59 P. M. main.Loguero info
INFORMACIÓN: javax.swing.plaf.metal.MetalLookAndFeel
nov 09, 2024 6:42:59 P. M. main.Loguero info
INFORMACIÓN: javax.swing.plaf.nimbus.NimbusLookAndFeel
nov 09, 2024 6:42:59 P. M. main.Loguero info
INFORMACIÓN: com.sun.java.swing.plaf.motif.MotifLookAndFeel
nov 09, 2024 6:42:59 P. M. main.Loguero info
INFORMACIÓN: com.sun.java.swing.plaf.gtk.GTKLookAndFeel
nov 09, 2024 6:43:20 P. M. main.Loguero info
INFORMACIÓN: Sistema LINUX (Linux)
Ruta ayuda: /home/jesus/Documentos/Programacion/Java/Correcta_General_GitHub/correctAE_General/correctAEyuda/es
nov 09, 2024 6:43:40 P. M. main.Loguero info
INFORMACIÓN: Sistema LINUX (Linux)
Ruta ayuda: /home/jesus/Documentos/Programacion/Java/Correcta_General_GitHub/correctAE_General/correctAEyuda/es
nov 09, 2024 6:43:40 P. M. main.Loguero error
GRAVE: No se encuentra el navegador web del sistema
nov 09, 2024 6:43:55 P. M. main.Loguero info
INFORMACIÓN: Sistema LINUX (Linux)
Ruta ayuda: /home/jesus/Documentos/Programacion/Java/Correcta_General_GitHub/correctAE_General/correctAEyuda/es
nov 09, 2024 6:43:55 P. M. main.Loguero error
GRAVE: No se encuentra el navegador web del sistema
nov 09, 2024 6:45:16 P. M. main.Loguero info
INFORMACIÓN: Sistema LINUX (Linux)
Ruta ayuda: /home/jesus/Documentos/Programacion/Java/Correcta_General_GitHub/correctAE_General/correctAEyuda/es
nov 09, 2024 6:46:41 P. M. main.Loguero info
INFORMACIÓN: Pantalla - Alto : 1080 - Ancho 1920
nov 09, 2024 6:46:41 P. M. main.Loguero info
INFORMACIÓN: Tema disponible - Metal
nov 09, 2024 6:46:41 P. M. main.Loguero info
INFORMACIÓN: Tema disponible - Nimbus
nov 09, 2024 6:46:45 P. M. main.Loguero info
INFORMACIÓN: javax.swing.plaf.metal.MetalLookAndFeel
nov 09, 2024 6:46:45 P. M. main.Loguero info
INFORMACIÓN: javax.swing.plaf.nimbus.NimbusLookAndFeel
nov 09, 2024 6:46:45 P. M. main.Loguero info
INFORMACIÓN: com.sun.java.swing.plaf.motif.MotifLookAndFeel
nov 09, 2024 6:46:45 P. M. main.Loguero info
INFORMACIÓN: com.sun.java.swing.plaf.gtk.GTKLookAndFeel
nov 09, 2024 6:49:53 P. M. main.Loguero info
INFORMACIÓN: Pantalla - Alto : 1080 - Ancho 1920
nov 09, 2024 6:49:53 P. M. main.Loguero info
INFORMACIÓN: Tema disponible - Metal
nov 09, 2024 6:49:53 P. M. main.Loguero info
INFORMACIÓN: Tema disponible - Nimbus
nov 09, 2024 6:49:57 P. M. main.Loguero info
INFORMACIÓN: javax.swing.plaf.metal.MetalLookAndFeel
nov 09, 2024 6:49:57 P. M. main.Loguero info
INFORMACIÓN: javax.swing.plaf.nimbus.NimbusLookAndFeel
nov 09, 2024 6:49:57 P. M. main.Loguero info
INFORMACIÓN: com.sun.java.swing.plaf.motif.MotifLookAndFeel
nov 09, 2024 6:49:57 P. M. main.Loguero info
INFORMACIÓN: com.sun.java.swing.plaf.gtk.GTKLookAndFeel
nov 09, 2024 6:50:46 P. M. main.Loguero info
INFORMACIÓN: Pantalla - Alto : 1080 - Ancho 1920
nov 09, 2024 6:50:46 P. M. main.Loguero info
INFORMACIÓN: Tema disponible - Metal
nov 09, 2024 6:50:46 P. M. main.Loguero info
INFORMACIÓN: Tema disponible - Nimbus
nov 09, 2024 6:50:50 P. M. main.Loguero info
INFORMACIÓN: javax.swing.plaf.metal.MetalLookAndFeel
nov 09, 2024 6:50:50 P. M. main.Loguero info
INFORMACIÓN: javax.swing.plaf.nimbus.NimbusLookAndFeel
nov 09, 2024 6:50:50 P. M. main.Loguero info
INFORMACIÓN: com.sun.java.swing.plaf.motif.MotifLookAndFeel
nov 09, 2024 6:50:50 P. M. main.Loguero info
INFORMACIÓN: com.sun.java.swing.plaf.gtk.GTKLookAndFeel
nov 09, 2024 6:52:38 P. M. main.Loguero info
INFORMACIÓN: Pantalla - Alto : 1080 - Ancho 1920
nov 09, 2024 6:52:38 P. M. main.Loguero info
INFORMACIÓN: Tema disponible - Metal
nov 09, 2024 6:52:38 P. M. main.Loguero info
INFORMACIÓN: Tema disponible - Nimbus
nov 09, 2024 6:52:43 P. M. main.Loguero info
INFORMACIÓN: javax.swing.plaf.metal.MetalLookAndFeel
nov 09, 2024 6:52:43 P. M. main.Loguero info
INFORMACIÓN: javax.swing.plaf.nimbus.NimbusLookAndFeel
nov 09, 2024 6:52:43 P. M. main.Loguero info
INFORMACIÓN: com.sun.java.swing.plaf.motif.MotifLookAndFeel
nov 09, 2024 6:52:43 P. M. main.Loguero info
INFORMACIÓN: com.sun.java.swing.plaf.gtk.GTKLookAndFeel
nov 09, 2024 6:53:29 P. M. main.Loguero info
INFORMACIÓN: Pantalla - Alto : 1080 - Ancho 1920
nov 09, 2024 6:53:29 P. M. main.Loguero info
INFORMACIÓN: Tema disponible - Metal
nov 09, 2024 6:53:29 P. M. main.Loguero info
INFORMACIÓN: Tema disponible - Nimbus
nov 09, 2024 6:53:33 P. M. main.Loguero info
INFORMACIÓN: javax.swing.plaf.metal.MetalLookAndFeel
nov 09, 2024 6:53:33 P. M. main.Loguero info
INFORMACIÓN: javax.swing.plaf.nimbus.NimbusLookAndFeel
nov 09, 2024 6:53:33 P. M. main.Loguero info
INFORMACIÓN: com.sun.java.swing.plaf.motif.MotifLookAndFeel
nov 09, 2024 6:53:33 P. M. main.Loguero info
INFORMACIÓN: com.sun.java.swing.plaf.gtk.GTKLookAndFeel
nov 09, 2024 6:56:31 P. M. main.Loguero info
INFORMACIÓN: Pantalla - Alto : 1080 - Ancho 1920
nov 09, 2024 6:56:31 P. M. main.Loguero info
INFORMACIÓN: Tema disponible - Metal
nov 09, 2024 6:56:31 P. M. main.Loguero info
INFORMACIÓN: Tema disponible - Nimbus
nov 09, 2024 6:56:36 P. M. main.Loguero info
INFORMACIÓN: javax.swing.plaf.metal.MetalLookAndFeel
nov 09, 2024 6:56:36 P. M. main.Loguero info
INFORMACIÓN: javax.swing.plaf.nimbus.NimbusLookAndFeel
nov 09, 2024 6:56:36 P. M. main.Loguero info
INFORMACIÓN: com.sun.java.swing.plaf.motif.MotifLookAndFeel
nov 09, 2024 6:56:36 P. M. main.Loguero info
INFORMACIÓN: com.sun.java.swing.plaf.gtk.GTKLookAndFeel
nov 09, 2024 7:01:47 P. M. main.Loguero info
INFORMACIÓN: Pantalla - Alto : 1080 - Ancho 1920
nov 09, 2024 7:01:47 P. M. main.Loguero info
INFORMACIÓN: Tema disponible - Metal
nov 09, 2024 7:01:47 P. M. main.Loguero info
INFORMACIÓN: Tema disponible - Nimbus
nov 09, 2024 7:01:51 P. M. main.Loguero info
INFORMACIÓN: javax.swing.plaf.metal.MetalLookAndFeel
nov 09, 2024 7:01:51 P. M. main.Loguero info
INFORMACIÓN: javax.swing.plaf.nimbus.NimbusLookAndFeel
nov 09, 2024 7:01:51 P. M. main.Loguero info
INFORMACIÓN: com.sun.java.swing.plaf.motif.MotifLookAndFeel
nov 09, 2024 7:01:51 P. M. main.Loguero info
INFORMACIÓN: com.sun.java.swing.plaf.gtk.GTKLookAndFeel
nov 09, 2024 7:04:15 P. M. main.Loguero info
INFORMACIÓN: Pantalla - Alto : 1080 - Ancho 1920
nov 09, 2024 7:04:15 P. M. main.Loguero info
INFORMACIÓN: Tema disponible - Metal
nov 09, 2024 7:04:15 P. M. main.Loguero info
INFORMACIÓN: Tema disponible - Nimbus
nov 09, 2024 7:04:19 P. M. main.Loguero info
INFORMACIÓN: javax.swing.plaf.metal.MetalLookAndFeel
nov 09, 2024 7:04:19 P. M. main.Loguero info
INFORMACIÓN: javax.swing.plaf.nimbus.NimbusLookAndFeel
nov 09, 2024 7:04:19 P. M. main.Loguero info
INFORMACIÓN: com.sun.java.swing.plaf.motif.MotifLookAndFeel
nov 09, 2024 7:04:19 P. M. main.Loguero info
INFORMACIÓN: com.sun.java.swing.plaf.gtk.GTKLookAndFeel
nov 09, 2024 7:04:21 P. M. main.Loguero info
INFORMACIÓN: Sistema LINUX (Linux)
Ruta ayuda: /home/jesus/Documentos/Programacion/Java/Correcta_General_GitHub/correctAE_General/correctAEyuda/es
nov 09, 2024 7:04:21 P. M. main.Loguero error
GRAVE: No se encuentra el navegador web del sistema
nov 09, 2024 7:18:36 P. M. main.Loguero info
INFORMACIÓN: Pantalla - Alto : 1080 - Ancho 1920
nov 09, 2024 7:18:36 P. M. main.Loguero info
INFORMACIÓN: Tema disponible - Metal
nov 09, 2024 7:18:36 P. M. main.Loguero info
INFORMACIÓN: Tema disponible - Nimbus
nov 09, 2024 7:18:40 P. M. main.Loguero info
INFORMACIÓN: javax.swing.plaf.metal.MetalLookAndFeel
nov 09, 2024 7:18:40 P. M. main.Loguero info
INFORMACIÓN: javax.swing.plaf.nimbus.NimbusLookAndFeel
nov 09, 2024 7:18:40 P. M. main.Loguero info
INFORMACIÓN: com.sun.java.swing.plaf.motif.MotifLookAndFeel
nov 09, 2024 7:18:40 P. M. main.Loguero info
INFORMACIÓN: com.sun.java.swing.plaf.gtk.GTKLookAndFeel
nov 09, 2024 7:18:43 P. M. main.Loguero info
INFORMACIÓN: Sistema LINUX (Linux)
Ruta ayuda: /home/jesus/Documentos/Programacion/Java/Correcta_General_GitHub/correctAE_General/correctAEyuda/es
nov 09, 2024 7:18:43 P. M. main.Loguero error
GRAVE: No se encuentra el navegador web del sistema
nov 09, 2024 7:19:04 P. M. main.Loguero info
INFORMACIÓN: Pantalla - Alto : 1080 - Ancho 1920
nov 09, 2024 7:19:05 P. M. main.Loguero info
INFORMACIÓN: Tema disponible - Metal
nov 09, 2024 7:19:05 P. M. main.Loguero info
INFORMACIÓN: Tema disponible - Nimbus
nov 09, 2024 7:19:09 P. M. main.Loguero info
INFORMACIÓN: javax.swing.plaf.metal.MetalLookAndFeel
nov 09, 2024 7:19:09 P. M. main.Loguero info
INFORMACIÓN: javax.swing.plaf.nimbus.NimbusLookAndFeel
nov 09, 2024 7:19:09 P. M. main.Loguero info
INFORMACIÓN: com.sun.java.swing.plaf.motif.MotifLookAndFeel
nov 09, 2024 7:19:09 P. M. main.Loguero info
INFORMACIÓN: com.sun.java.swing.plaf.gtk.GTKLookAndFeel
nov 09, 2024 7:19:22 P. M. main.Loguero info
INFORMACIÓN: Pantalla - Alto : 1080 - Ancho 1920
nov 09, 2024 7:19:22 P. M. main.Loguero info
INFORMACIÓN: Tema disponible - Metal
nov 09, 2024 7:19:22 P. M. main.Loguero info
INFORMACIÓN: Tema disponible - Nimbus
nov 09, 2024 7:19:27 P. M. main.Loguero info
INFORMACIÓN: javax.swing.plaf.metal.MetalLookAndFeel
nov 09, 2024 7:19:27 P. M. main.Loguero info
INFORMACIÓN: javax.swing.plaf.nimbus.NimbusLookAndFeel
nov 09, 2024 7:19:27 P. M. main.Loguero info
INFORMACIÓN: com.sun.java.swing.plaf.motif.MotifLookAndFeel
nov 09, 2024 7:19:27 P. M. main.Loguero info
INFORMACIÓN: com.sun.java.swing.plaf.gtk.GTKLookAndFeel
nov 09, 2024 7:19:42 P. M. main.Loguero info
INFORMACIÓN: Pantalla - Alto : 1080 - Ancho 1920
nov 09, 2024 7:19:42 P. M. main.Loguero info
INFORMACIÓN: Tema disponible - Metal
nov 09, 2024 7:19:42 P. M. main.Loguero info
INFORMACIÓN: Tema disponible - Nimbus
nov 09, 2024 7:19:47 P. M. main.Loguero info
INFORMACIÓN: javax.swing.plaf.metal.MetalLookAndFeel
nov 09, 2024 7:19:47 P. M. main.Loguero info
INFORMACIÓN: javax.swing.plaf.nimbus.NimbusLookAndFeel
nov 09, 2024 7:19:47 P. M. main.Loguero info
INFORMACIÓN: com.sun.java.swing.plaf.motif.MotifLookAndFeel
nov 09, 2024 7:19:47 P. M. main.Loguero info
INFORMACIÓN: com.sun.java.swing.plaf.gtk.GTKLookAndFeel
nov 09, 2024 7:19:59 P. M. main.Loguero info
INFORMACIÓN: Pantalla - Alto : 1080 - Ancho 1920
nov 09, 2024 7:19:59 P. M. main.Loguero info
INFORMACIÓN: Tema disponible - Metal
nov 09, 2024 7:19:59 P. M. main.Loguero info
INFORMACIÓN: Tema disponible - Nimbus
nov 09, 2024 7:20:03 P. M. main.Loguero info
INFORMACIÓN: javax.swing.plaf.metal.MetalLookAndFeel
nov 09, 2024 7:20:03 P. M. main.Loguero info
INFORMACIÓN: javax.swing.plaf.nimbus.NimbusLookAndFeel
nov 09, 2024 7:20:03 P. M. main.Loguero info
INFORMACIÓN: com.sun.java.swing.plaf.motif.MotifLookAndFeel
nov 09, 2024 7:20:03 P. M. main.Loguero info
INFORMACIÓN: com.sun.java.swing.plaf.gtk.GTKLookAndFeel
nov 09, 2024 7:20:07 P. M. main.Loguero info
INFORMACIÓN: Sistema LINUX (Linux)
Ruta ayuda: /home/jesus/Documentos/Programacion/Java/Correcta_General_GitHub/correctAE_General/correctAEyuda/es
nov 09, 2024 7:20:55 P. M. main.Loguero error
GRAVE: No se encuentra el navegador web del sistema
nov 09, 2024 7:36:44 P. M. main.Loguero info
INFORMACIÓN: Pantalla - Alto : 1080 - Ancho 1920
nov 09, 2024 7:36:44 P. M. main.Loguero info
INFORMACIÓN: Tema disponible - Metal
nov 09, 2024 7:36:44 P. M. main.Loguero info
INFORMACIÓN: Tema disponible - Nimbus
nov 09, 2024 7:36:48 P. M. main.Loguero info
INFORMACIÓN: javax.swing.plaf.metal.MetalLookAndFeel
nov 09, 2024 7:36:48 P. M. main.Loguero info
INFORMACIÓN: javax.swing.plaf.nimbus.NimbusLookAndFeel
nov 09, 2024 7:36:48 P. M. main.Loguero info
INFORMACIÓN: com.sun.java.swing.plaf.motif.MotifLookAndFeel
nov 09, 2024 7:36:48 P. M. main.Loguero info
INFORMACIÓN: com.sun.java.swing.plaf.gtk.GTKLookAndFeel
nov 09, 2024 7:36:49 P. M. main.Loguero info
INFORMACIÓN: Sistema LINUX (Linux)
Ruta ayuda: /home/jesus/Documentos/Programacion/Java/Correcta_General_GitHub/correctAE_General/correctAEyuda/es
nov 09, 2024 7:36:49 P. M. main.Loguero error
GRAVE: No se encuentra el navegador web del sistema
nov 09, 2024 7:44:53 P. M. main.Loguero info
INFORMACIÓN: Pantalla - Alto : 1080 - Ancho 1920
nov 09, 2024 7:44:53 P. M. main.Loguero info
INFORMACIÓN: Tema disponible - Metal
nov 09, 2024 7:44:53 P. M. main.Loguero info
INFORMACIÓN: Tema disponible - Nimbus
nov 09, 2024 7:44:58 P. M. main.Loguero info
INFORMACIÓN: javax.swing.plaf.metal.MetalLookAndFeel
nov 09, 2024 7:44:58 P. M. main.Loguero info
INFORMACIÓN: javax.swing.plaf.nimbus.NimbusLookAndFeel
nov 09, 2024 7:44:58 P. M. main.Loguero info
INFORMACIÓN: com.sun.java.swing.plaf.motif.MotifLookAndFeel
nov 09, 2024 7:44:58 P. M. main.Loguero info
INFORMACIÓN: com.sun.java.swing.plaf.gtk.GTKLookAndFeel
nov 09, 2024 7:44:59 P. M. main.Loguero info
INFORMACIÓN: Sistema LINUX (Linux)
Ruta ayuda: /home/jesus/Documentos/Programacion/Java/Correcta_General_GitHub/correctAE_General/correctAEyuda/es
nov 09, 2024 7:44:59 P. M. main.Loguero error
GRAVE: No se encuentra el navegador web del sistema
nov 09, 2024 7:56:30 P. M. main.Loguero info
INFORMACIÓN: Pantalla - Alto : 1080 - Ancho 1920
nov 09, 2024 7:56:30 P. M. main.Loguero info
INFORMACIÓN: Tema disponible - Metal
nov 09, 2024 7:56:30 P. M. main.Loguero info
INFORMACIÓN: Tema disponible - Nimbus
nov 09, 2024 7:56:34 P. M. main.Loguero info
INFORMACIÓN: javax.swing.plaf.metal.MetalLookAndFeel
nov 09, 2024 7:56:34 P. M. main.Loguero info
INFORMACIÓN: javax.swing.plaf.nimbus.NimbusLookAndFeel
nov 09, 2024 7:56:34 P. M. main.Loguero info
INFORMACIÓN: com.sun.java.swing.plaf.motif.MotifLookAndFeel
nov 09, 2024 7:56:34 P. M. main.Loguero info
INFORMACIÓN: com.sun.java.swing.plaf.gtk.GTKLookAndFeel
nov 09, 2024 7:56:36 P. M. main.Loguero info
INFORMACIÓN: Sistema LINUX (Linux)
Ruta ayuda: /home/jesus/Documentos/Programacion/Java/Correcta_General_GitHub/correctAE_General/correctAEyuda/es
nov 09, 2024 7:56:36 P. M. main.Loguero error
GRAVE: No se encuentra el navegador web del sistema
nov 09, 2024 7:57:06 P. M. main.Loguero info
INFORMACIÓN: Pantalla - Alto : 1080 - Ancho 1920
nov 09, 2024 7:57:06 P. M. main.Loguero info
INFORMACIÓN: Tema disponible - Metal
nov 09, 2024 7:57:06 P. M. main.Loguero info
INFORMACIÓN: Tema disponible - Nimbus
nov 09, 2024 7:57:10 P. M. main.Loguero info
INFORMACIÓN: javax.swing.plaf.metal.MetalLookAndFeel
nov 09, 2024 7:57:10 P. M. main.Loguero info
INFORMACIÓN: javax.swing.plaf.nimbus.NimbusLookAndFeel
nov 09, 2024 7:57:10 P. M. main.Loguero info
INFORMACIÓN: com.sun.java.swing.plaf.motif.MotifLookAndFeel
nov 09, 2024 7:57:10 P. M. main.Loguero info
INFORMACIÓN: com.sun.java.swing.plaf.gtk.GTKLookAndFeel
nov 09, 2024 7:57:11 P. M. main.Loguero info
INFORMACIÓN: Sistema LINUX (Linux)
Ruta ayuda: /opt/correctae-2x/lib/app/correctAEyuda/es
nov 09, 2024 7:57:11 P. M. main.Loguero error
GRAVE: No se encuentra el navegador web del sistema
