oct 24, 2024 10:25:05 A. M. main.Loguero info
INFO: Pantalla - Alto : 1080 - Ancho 1920
oct 24, 2024 10:25:05 A. M. main.Loguero info
INFO: Tema disponible - Metal
oct 24, 2024 10:25:05 A. M. main.Loguero info
INFO: Tema disponible - Nimbus
oct 24, 2024 10:25:05 A. M. main.Loguero info
INFO: Carpeta de ejecución actual: C:\Users\Jesus.delBuey\Documents\Programacion\Java\correctA_General
oct 24, 2024 10:25:05 A. M. main.Loguero info
INFO: Recursos /C:/Users/Jesus.delBuey/Documents/Programacion/Java/correctA_General/target/classes/main/
oct 24, 2024 10:25:05 A. M. main.Loguero info
INFO: La carpeta no existe. Copiando archivos
oct 24, 2024 10:26:05 A. M. main.Loguero info
INFO: Pantalla - Alto : 1080 - Ancho 1920
oct 24, 2024 10:26:05 A. M. main.Loguero info
INFO: Tema disponible - Metal
oct 24, 2024 10:26:05 A. M. main.Loguero info
INFO: Tema disponible - Nimbus
oct 24, 2024 10:26:05 A. M. main.Loguero info
INFO: Carpeta de ejecución actual: C:\Users\Jesus.delBuey\Documents\Programacion\Java\correctA_General
oct 24, 2024 10:26:05 A. M. main.Loguero info
INFO: Recursos /C:/Users/Jesus.delBuey/Documents/Programacion/Java/correctA_General/target/classes/main/
oct 24, 2024 10:26:10 A. M. main.Loguero info
INFO: javax.swing.plaf.metal.MetalLookAndFeel
oct 24, 2024 10:26:10 A. M. main.Loguero info
INFO: javax.swing.plaf.nimbus.NimbusLookAndFeel
oct 24, 2024 10:26:10 A. M. main.Loguero info
INFO: com.sun.java.swing.plaf.motif.MotifLookAndFeel
oct 24, 2024 10:26:10 A. M. main.Loguero info
INFO: com.sun.java.swing.plaf.windows.WindowsLookAndFeel
oct 24, 2024 10:26:10 A. M. main.Loguero info
INFO: com.sun.java.swing.plaf.windows.WindowsClassicLookAndFeel
oct 24, 2024 10:26:22 A. M. main.Loguero error
SEVERE: Failed to open file://C:/Users/Jesus.delBuey/Documents/Programacion/Java/correctA_General/ayuda/es/pgInicio.html. Error message: El sistema no puede encontrar el archivo especificado.

oct 24, 2024 10:26:22 A. M. main.Loguero error
SEVERE: Failed to open file://C:/Users/Jesus.delBuey/Documents/Programacion/Java/correctA_General/ayuda/es/pgInicio.html. Error message: El sistema no puede encontrar el archivo especificado.

oct 24, 2024 10:26:38 A. M. main.Loguero error
SEVERE: Failed to open file://C:/Users/Jesus.delBuey/Documents/Programacion/Java/correctA_General/ayuda/es/pgInicio.html. Error message: El sistema no puede encontrar el archivo especificado.

oct 24, 2024 10:26:38 A. M. main.Loguero error
SEVERE: Failed to open file://C:/Users/Jesus.delBuey/Documents/Programacion/Java/correctA_General/ayuda/es/pgInicio.html. Error message: El sistema no puede encontrar el archivo especificado.

oct 24, 2024 10:27:58 A. M. main.Loguero info
INFO: Pantalla - Alto : 1080 - Ancho 1920
oct 24, 2024 10:27:58 A. M. main.Loguero info
INFO: Tema disponible - Metal
oct 24, 2024 10:27:58 A. M. main.Loguero info
INFO: Tema disponible - Nimbus
oct 24, 2024 10:27:59 A. M. main.Loguero info
INFO: Carpeta de ejecución actual: C:\Users\Jesus.delBuey\Documents\Programacion\Java\correctA_General
oct 24, 2024 10:27:59 A. M. main.Loguero info
INFO: Recursos /C:/Users/Jesus.delBuey/Documents/Programacion/Java/correctA_General/target/classes/main/
oct 24, 2024 10:27:59 A. M. main.Loguero info
INFO: La carpeta no existe. Copiando archivos
oct 24, 2024 10:31:02 A. M. main.Loguero info
INFO: Pantalla - Alto : 1080 - Ancho 1920
oct 24, 2024 10:31:02 A. M. main.Loguero info
INFO: Tema disponible - Metal
oct 24, 2024 10:31:02 A. M. main.Loguero info
INFO: Tema disponible - Nimbus
oct 24, 2024 10:31:02 A. M. main.Loguero info
INFO: Carpeta de ejecución actual: C:\Users\Jesus.delBuey\Documents\Programacion\Java\correctA_General
oct 24, 2024 10:31:02 A. M. main.Loguero info
INFO: Recursos /C:/Users/Jesus.delBuey/Documents/Programacion/Java/correctA_General/target/classes/main/ayuda
oct 24, 2024 10:31:06 A. M. main.Loguero info
INFO: javax.swing.plaf.metal.MetalLookAndFeel
oct 24, 2024 10:31:06 A. M. main.Loguero info
INFO: javax.swing.plaf.nimbus.NimbusLookAndFeel
oct 24, 2024 10:31:06 A. M. main.Loguero info
INFO: com.sun.java.swing.plaf.motif.MotifLookAndFeel
oct 24, 2024 10:31:06 A. M. main.Loguero info
INFO: com.sun.java.swing.plaf.windows.WindowsLookAndFeel
oct 24, 2024 10:31:06 A. M. main.Loguero info
INFO: com.sun.java.swing.plaf.windows.WindowsClassicLookAndFeel
oct 24, 2024 10:35:03 A. M. main.Loguero info
INFO: Pantalla - Alto : 1080 - Ancho 1920
oct 24, 2024 10:35:03 A. M. main.Loguero info
INFO: Tema disponible - Metal
oct 24, 2024 10:35:03 A. M. main.Loguero info
INFO: Tema disponible - Nimbus
oct 24, 2024 10:35:03 A. M. main.Loguero info
INFO: Carpeta de ejecución actual: C:\Users\Jesus.delBuey\Documents\Programacion\Java\correctA_General
oct 24, 2024 10:35:03 A. M. main.Loguero info
INFO: Recursos C:/Users/Jesus.delBuey/Documents/Programacion/Java/correctA_General/target/classes/main/ayuda
oct 24, 2024 10:35:07 A. M. main.Loguero info
INFO: javax.swing.plaf.metal.MetalLookAndFeel
oct 24, 2024 10:35:07 A. M. main.Loguero info
INFO: javax.swing.plaf.nimbus.NimbusLookAndFeel
oct 24, 2024 10:35:07 A. M. main.Loguero info
INFO: com.sun.java.swing.plaf.motif.MotifLookAndFeel
oct 24, 2024 10:35:07 A. M. main.Loguero info
INFO: com.sun.java.swing.plaf.windows.WindowsLookAndFeel
oct 24, 2024 10:35:07 A. M. main.Loguero info
INFO: com.sun.java.swing.plaf.windows.WindowsClassicLookAndFeel
oct 24, 2024 10:35:13 A. M. main.Loguero error
SEVERE: Failed to open file://C:/Users/Jesus.delBuey/Documents/Programacion/Java/correctA_General/ayuda/es/pgInicio.html. Error message: El sistema no puede encontrar el archivo especificado.

oct 24, 2024 10:35:13 A. M. main.Loguero error
SEVERE: Failed to open file://C:/Users/Jesus.delBuey/Documents/Programacion/Java/correctA_General/ayuda/es/pgInicio.html. Error message: El sistema no puede encontrar el archivo especificado.

oct 24, 2024 10:35:44 A. M. main.Loguero info
INFO: Pantalla - Alto : 1080 - Ancho 1920
oct 24, 2024 10:35:44 A. M. main.Loguero info
INFO: Tema disponible - Metal
oct 24, 2024 10:35:44 A. M. main.Loguero info
INFO: Tema disponible - Nimbus
oct 24, 2024 10:35:44 A. M. main.Loguero info
INFO: Carpeta de ejecución actual: C:\Users\Jesus.delBuey\Documents\Programacion\Java\correctA_General
oct 24, 2024 10:35:44 A. M. main.Loguero info
INFO: Recursos C:/Users/Jesus.delBuey/Documents/Programacion/Java/correctA_General/target/classes/main/ayuda
oct 24, 2024 10:35:44 A. M. main.Loguero info
INFO: La carpeta no existe. Copiando archivos
oct 24, 2024 10:35:44 A. M. main.Loguero error
SEVERE: C:\Users\Jesus.delBuey\Documents\Programacion\Java\correctA_General\target\classes\main\ayuda
oct 24, 2024 10:35:49 A. M. main.Loguero info
INFO: javax.swing.plaf.metal.MetalLookAndFeel
oct 24, 2024 10:35:49 A. M. main.Loguero info
INFO: javax.swing.plaf.nimbus.NimbusLookAndFeel
oct 24, 2024 10:35:49 A. M. main.Loguero info
INFO: com.sun.java.swing.plaf.motif.MotifLookAndFeel
oct 24, 2024 10:35:49 A. M. main.Loguero info
INFO: com.sun.java.swing.plaf.windows.WindowsLookAndFeel
oct 24, 2024 10:35:49 A. M. main.Loguero info
INFO: com.sun.java.swing.plaf.windows.WindowsClassicLookAndFeel
oct 24, 2024 10:36:12 A. M. main.Loguero error
SEVERE: Failed to open file://C:/Users/Jesus.delBuey/Documents/Programacion/Java/correctA_General/ayuda/es/pgInicio.html. Error message: El sistema no puede encontrar el archivo especificado.

oct 24, 2024 10:36:12 A. M. main.Loguero error
SEVERE: Failed to open file://C:/Users/Jesus.delBuey/Documents/Programacion/Java/correctA_General/ayuda/es/pgInicio.html. Error message: El sistema no puede encontrar el archivo especificado.

oct 24, 2024 10:52:10 A. M. main.Loguero info
INFO: Pantalla - Alto : 1080 - Ancho 1920
oct 24, 2024 10:52:11 A. M. main.Loguero info
INFO: Tema disponible - Metal
oct 24, 2024 10:52:11 A. M. main.Loguero info
INFO: Tema disponible - Nimbus
oct 24, 2024 10:52:11 A. M. main.Loguero info
INFO: Carpeta de ejecución actual: C:\Users\Jesus.delBuey\Documents\Programacion\Java\correctA_General
oct 24, 2024 10:52:11 A. M. main.Loguero info
INFO: Recursos C:/Users/Jesus.delBuey/Documents/Programacion/Java/correctA_General/target/classes/main/ayuda
oct 24, 2024 10:52:15 A. M. main.Loguero info
INFO: javax.swing.plaf.metal.MetalLookAndFeel
oct 24, 2024 10:52:15 A. M. main.Loguero info
INFO: javax.swing.plaf.nimbus.NimbusLookAndFeel
oct 24, 2024 10:52:15 A. M. main.Loguero info
INFO: com.sun.java.swing.plaf.motif.MotifLookAndFeel
oct 24, 2024 10:52:15 A. M. main.Loguero info
INFO: com.sun.java.swing.plaf.windows.WindowsLookAndFeel
oct 24, 2024 10:52:15 A. M. main.Loguero info
INFO: com.sun.java.swing.plaf.windows.WindowsClassicLookAndFeel
oct 28, 2024 8:37:55 A. M. main.Loguero info
INFO: Pantalla - Alto : 1080 - Ancho 1920
oct 28, 2024 8:37:55 A. M. main.Loguero info
INFO: Tema disponible - Metal
oct 28, 2024 8:37:55 A. M. main.Loguero info
INFO: Tema disponible - Nimbus
oct 28, 2024 8:37:59 A. M. main.Loguero info
INFO: javax.swing.plaf.metal.MetalLookAndFeel
oct 28, 2024 8:37:59 A. M. main.Loguero info
INFO: javax.swing.plaf.nimbus.NimbusLookAndFeel
oct 28, 2024 8:37:59 A. M. main.Loguero info
INFO: com.sun.java.swing.plaf.motif.MotifLookAndFeel
oct 28, 2024 8:37:59 A. M. main.Loguero info
INFO: com.sun.java.swing.plaf.windows.WindowsLookAndFeel
oct 28, 2024 8:37:59 A. M. main.Loguero info
INFO: com.sun.java.swing.plaf.windows.WindowsClassicLookAndFeel
oct 28, 2024 8:44:31 A. M. main.Loguero info
INFO: Pantalla - Alto : 1080 - Ancho 1920
oct 28, 2024 8:44:31 A. M. main.Loguero info
INFO: Tema disponible - Metal
oct 28, 2024 8:44:31 A. M. main.Loguero info
INFO: Tema disponible - Nimbus
oct 28, 2024 8:44:36 A. M. main.Loguero info
INFO: javax.swing.plaf.metal.MetalLookAndFeel
oct 28, 2024 8:44:36 A. M. main.Loguero info
INFO: javax.swing.plaf.nimbus.NimbusLookAndFeel
oct 28, 2024 8:44:36 A. M. main.Loguero info
INFO: com.sun.java.swing.plaf.motif.MotifLookAndFeel
oct 28, 2024 8:44:36 A. M. main.Loguero info
INFO: com.sun.java.swing.plaf.windows.WindowsLookAndFeel
oct 28, 2024 8:44:36 A. M. main.Loguero info
INFO: com.sun.java.swing.plaf.windows.WindowsClassicLookAndFeel
oct 28, 2024 8:46:36 A. M. main.Loguero info
INFO: Pantalla - Alto : 1080 - Ancho 1920
oct 28, 2024 8:46:36 A. M. main.Loguero info
INFO: Tema disponible - Metal
oct 28, 2024 8:46:36 A. M. main.Loguero info
INFO: Tema disponible - Nimbus
oct 28, 2024 8:46:40 A. M. main.Loguero info
INFO: javax.swing.plaf.metal.MetalLookAndFeel
oct 28, 2024 8:46:40 A. M. main.Loguero info
INFO: javax.swing.plaf.nimbus.NimbusLookAndFeel
oct 28, 2024 8:46:40 A. M. main.Loguero info
INFO: com.sun.java.swing.plaf.motif.MotifLookAndFeel
oct 28, 2024 8:46:40 A. M. main.Loguero info
INFO: com.sun.java.swing.plaf.windows.WindowsLookAndFeel
oct 28, 2024 8:46:40 A. M. main.Loguero info
INFO: com.sun.java.swing.plaf.windows.WindowsClassicLookAndFeel
oct 28, 2024 8:47:23 A. M. main.Loguero info
INFO: Pantalla - Alto : 1080 - Ancho 1920
oct 28, 2024 8:47:24 A. M. main.Loguero info
INFO: Tema disponible - Metal
oct 28, 2024 8:47:24 A. M. main.Loguero info
INFO: Tema disponible - Nimbus
oct 28, 2024 8:47:28 A. M. main.Loguero info
INFO: javax.swing.plaf.metal.MetalLookAndFeel
oct 28, 2024 8:47:28 A. M. main.Loguero info
INFO: javax.swing.plaf.nimbus.NimbusLookAndFeel
oct 28, 2024 8:47:28 A. M. main.Loguero info
INFO: com.sun.java.swing.plaf.motif.MotifLookAndFeel
oct 28, 2024 8:47:28 A. M. main.Loguero info
INFO: com.sun.java.swing.plaf.windows.WindowsLookAndFeel
oct 28, 2024 8:47:28 A. M. main.Loguero info
INFO: com.sun.java.swing.plaf.windows.WindowsClassicLookAndFeel
oct 28, 2024 9:13:17 A. M. main.Loguero info
INFO: Pantalla - Alto : 1080 - Ancho 1920
oct 28, 2024 9:13:17 A. M. main.Loguero info
INFO: Tema disponible - Metal
oct 28, 2024 9:13:17 A. M. main.Loguero info
INFO: Tema disponible - Nimbus
oct 28, 2024 9:13:21 A. M. main.Loguero info
INFO: javax.swing.plaf.metal.MetalLookAndFeel
oct 28, 2024 9:13:21 A. M. main.Loguero info
INFO: javax.swing.plaf.nimbus.NimbusLookAndFeel
oct 28, 2024 9:13:21 A. M. main.Loguero info
INFO: com.sun.java.swing.plaf.motif.MotifLookAndFeel
oct 28, 2024 9:13:21 A. M. main.Loguero info
INFO: com.sun.java.swing.plaf.windows.WindowsLookAndFeel
oct 28, 2024 9:13:21 A. M. main.Loguero info
INFO: com.sun.java.swing.plaf.windows.WindowsClassicLookAndFeel
oct 28, 2024 9:15:40 A. M. main.Loguero info
INFO: Pantalla - Alto : 1080 - Ancho 1920
oct 28, 2024 9:15:40 A. M. main.Loguero info
INFO: Tema disponible - Metal
oct 28, 2024 9:15:40 A. M. main.Loguero info
INFO: Tema disponible - Nimbus
oct 28, 2024 9:15:44 A. M. main.Loguero info
INFO: javax.swing.plaf.metal.MetalLookAndFeel
oct 28, 2024 9:15:44 A. M. main.Loguero info
INFO: javax.swing.plaf.nimbus.NimbusLookAndFeel
oct 28, 2024 9:15:44 A. M. main.Loguero info
INFO: com.sun.java.swing.plaf.motif.MotifLookAndFeel
oct 28, 2024 9:15:44 A. M. main.Loguero info
INFO: com.sun.java.swing.plaf.windows.WindowsLookAndFeel
oct 28, 2024 9:15:44 A. M. main.Loguero info
INFO: com.sun.java.swing.plaf.windows.WindowsClassicLookAndFeel
oct 28, 2024 11:12:01 A. M. main.Loguero info
INFO: Pantalla - Alto : 1080 - Ancho 1920
oct 28, 2024 11:12:01 A. M. main.Loguero info
INFO: Tema disponible - Metal
oct 28, 2024 11:12:01 A. M. main.Loguero info
INFO: Tema disponible - Nimbus
oct 28, 2024 11:12:06 A. M. main.Loguero info
INFO: javax.swing.plaf.metal.MetalLookAndFeel
oct 28, 2024 11:12:06 A. M. main.Loguero info
INFO: javax.swing.plaf.nimbus.NimbusLookAndFeel
oct 28, 2024 11:12:06 A. M. main.Loguero info
INFO: com.sun.java.swing.plaf.motif.MotifLookAndFeel
oct 28, 2024 11:12:06 A. M. main.Loguero info
INFO: com.sun.java.swing.plaf.windows.WindowsLookAndFeel
oct 28, 2024 11:12:06 A. M. main.Loguero info
INFO: com.sun.java.swing.plaf.windows.WindowsClassicLookAndFeel
oct 28, 2024 11:43:22 A. M. main.Loguero info
INFO: Pantalla - Alto : 1080 - Ancho 1920
oct 28, 2024 11:43:22 A. M. main.Loguero info
INFO: Tema disponible - Metal
oct 28, 2024 11:43:22 A. M. main.Loguero info
INFO: Tema disponible - Nimbus
oct 28, 2024 11:43:26 A. M. main.Loguero info
INFO: javax.swing.plaf.metal.MetalLookAndFeel
oct 28, 2024 11:43:26 A. M. main.Loguero info
INFO: javax.swing.plaf.nimbus.NimbusLookAndFeel
oct 28, 2024 11:43:26 A. M. main.Loguero info
INFO: com.sun.java.swing.plaf.motif.MotifLookAndFeel
oct 28, 2024 11:43:26 A. M. main.Loguero info
INFO: com.sun.java.swing.plaf.windows.WindowsLookAndFeel
oct 28, 2024 11:43:26 A. M. main.Loguero info
INFO: com.sun.java.swing.plaf.windows.WindowsClassicLookAndFeel
oct 29, 2024 3:27:46 P. M. main.Loguero info
INFO: Pantalla - Alto : 1080 - Ancho 1920
oct 29, 2024 3:27:46 P. M. main.Loguero info
INFO: Tema disponible - Metal
oct 29, 2024 3:27:46 P. M. main.Loguero info
INFO: Tema disponible - Nimbus
oct 29, 2024 3:27:51 P. M. main.Loguero info
INFO: javax.swing.plaf.metal.MetalLookAndFeel
oct 29, 2024 3:27:51 P. M. main.Loguero info
INFO: javax.swing.plaf.nimbus.NimbusLookAndFeel
oct 29, 2024 3:27:51 P. M. main.Loguero info
INFO: com.sun.java.swing.plaf.motif.MotifLookAndFeel
oct 29, 2024 3:27:51 P. M. main.Loguero info
INFO: com.sun.java.swing.plaf.windows.WindowsLookAndFeel
oct 29, 2024 3:27:51 P. M. main.Loguero info
INFO: com.sun.java.swing.plaf.windows.WindowsClassicLookAndFeel
oct 29, 2024 3:30:38 P. M. main.Loguero info
INFO: Pantalla - Alto : 1080 - Ancho 1920
oct 29, 2024 3:30:38 P. M. main.Loguero info
INFO: Tema disponible - Metal
oct 29, 2024 3:30:38 P. M. main.Loguero info
INFO: Tema disponible - Nimbus
oct 29, 2024 3:30:43 P. M. main.Loguero info
INFO: javax.swing.plaf.metal.MetalLookAndFeel
oct 29, 2024 3:30:43 P. M. main.Loguero info
INFO: javax.swing.plaf.nimbus.NimbusLookAndFeel
oct 29, 2024 3:30:43 P. M. main.Loguero info
INFO: com.sun.java.swing.plaf.motif.MotifLookAndFeel
oct 29, 2024 3:30:43 P. M. main.Loguero info
INFO: com.sun.java.swing.plaf.windows.WindowsLookAndFeel
oct 29, 2024 3:30:43 P. M. main.Loguero info
INFO: com.sun.java.swing.plaf.windows.WindowsClassicLookAndFeel
oct 29, 2024 3:34:22 P. M. main.Loguero info
INFO: Pantalla - Alto : 1080 - Ancho 1920
oct 29, 2024 3:34:22 P. M. main.Loguero info
INFO: Tema disponible - Metal
oct 29, 2024 3:34:22 P. M. main.Loguero info
INFO: Tema disponible - Nimbus
oct 29, 2024 3:34:26 P. M. main.Loguero info
INFO: javax.swing.plaf.metal.MetalLookAndFeel
oct 29, 2024 3:34:26 P. M. main.Loguero info
INFO: javax.swing.plaf.nimbus.NimbusLookAndFeel
oct 29, 2024 3:34:26 P. M. main.Loguero info
INFO: com.sun.java.swing.plaf.motif.MotifLookAndFeel
oct 29, 2024 3:34:26 P. M. main.Loguero info
INFO: com.sun.java.swing.plaf.windows.WindowsLookAndFeel
oct 29, 2024 3:34:26 P. M. main.Loguero info
INFO: com.sun.java.swing.plaf.windows.WindowsClassicLookAndFeel
oct 29, 2024 3:36:31 P. M. main.Loguero info
INFO: Pantalla - Alto : 1080 - Ancho 1920
oct 29, 2024 3:36:31 P. M. main.Loguero info
INFO: Tema disponible - Metal
oct 29, 2024 3:36:31 P. M. main.Loguero info
INFO: Tema disponible - Nimbus
oct 29, 2024 3:36:36 P. M. main.Loguero info
INFO: javax.swing.plaf.metal.MetalLookAndFeel
oct 29, 2024 3:36:36 P. M. main.Loguero info
INFO: javax.swing.plaf.nimbus.NimbusLookAndFeel
oct 29, 2024 3:36:36 P. M. main.Loguero info
INFO: com.sun.java.swing.plaf.motif.MotifLookAndFeel
oct 29, 2024 3:36:36 P. M. main.Loguero info
INFO: com.sun.java.swing.plaf.windows.WindowsLookAndFeel
oct 29, 2024 3:36:36 P. M. main.Loguero info
INFO: com.sun.java.swing.plaf.windows.WindowsClassicLookAndFeel
oct 29, 2024 3:39:28 P. M. main.Loguero info
INFO: Pantalla - Alto : 1080 - Ancho 1920
oct 29, 2024 3:39:28 P. M. main.Loguero info
INFO: Tema disponible - Metal
oct 29, 2024 3:39:28 P. M. main.Loguero info
INFO: Tema disponible - Nimbus
oct 29, 2024 3:39:32 P. M. main.Loguero info
INFO: javax.swing.plaf.metal.MetalLookAndFeel
oct 29, 2024 3:39:32 P. M. main.Loguero info
INFO: javax.swing.plaf.nimbus.NimbusLookAndFeel
oct 29, 2024 3:39:32 P. M. main.Loguero info
INFO: com.sun.java.swing.plaf.motif.MotifLookAndFeel
oct 29, 2024 3:39:32 P. M. main.Loguero info
INFO: com.sun.java.swing.plaf.windows.WindowsLookAndFeel
oct 29, 2024 3:39:32 P. M. main.Loguero info
INFO: com.sun.java.swing.plaf.windows.WindowsClassicLookAndFeel
oct 29, 2024 3:40:43 P. M. main.Loguero info
INFO: Pantalla - Alto : 1080 - Ancho 1920
oct 29, 2024 3:40:43 P. M. main.Loguero info
INFO: Tema disponible - Metal
oct 29, 2024 3:40:43 P. M. main.Loguero info
INFO: Tema disponible - Nimbus
oct 29, 2024 3:40:48 P. M. main.Loguero info
INFO: javax.swing.plaf.metal.MetalLookAndFeel
oct 29, 2024 3:40:48 P. M. main.Loguero info
INFO: javax.swing.plaf.nimbus.NimbusLookAndFeel
oct 29, 2024 3:40:48 P. M. main.Loguero info
INFO: com.sun.java.swing.plaf.motif.MotifLookAndFeel
oct 29, 2024 3:40:48 P. M. main.Loguero info
INFO: com.sun.java.swing.plaf.windows.WindowsLookAndFeel
oct 29, 2024 3:40:48 P. M. main.Loguero info
INFO: com.sun.java.swing.plaf.windows.WindowsClassicLookAndFeel
oct 29, 2024 3:48:16 P. M. main.Loguero info
INFO: Pantalla - Alto : 1080 - Ancho 1920
oct 29, 2024 3:48:17 P. M. main.Loguero info
INFO: Tema disponible - Metal
oct 29, 2024 3:48:17 P. M. main.Loguero info
INFO: Tema disponible - Nimbus
oct 29, 2024 3:48:21 P. M. main.Loguero info
INFO: javax.swing.plaf.metal.MetalLookAndFeel
oct 29, 2024 3:48:21 P. M. main.Loguero info
INFO: javax.swing.plaf.nimbus.NimbusLookAndFeel
oct 29, 2024 3:48:21 P. M. main.Loguero info
INFO: com.sun.java.swing.plaf.motif.MotifLookAndFeel
oct 29, 2024 3:48:21 P. M. main.Loguero info
INFO: com.sun.java.swing.plaf.windows.WindowsLookAndFeel
oct 29, 2024 3:48:21 P. M. main.Loguero info
INFO: com.sun.java.swing.plaf.windows.WindowsClassicLookAndFeel
oct 29, 2024 3:50:03 P. M. main.Loguero info
INFO: Pantalla - Alto : 1080 - Ancho 1920
oct 29, 2024 3:50:04 P. M. main.Loguero info
INFO: Tema disponible - Metal
oct 29, 2024 3:50:04 P. M. main.Loguero info
INFO: Tema disponible - Nimbus
oct 29, 2024 3:50:08 P. M. main.Loguero info
INFO: javax.swing.plaf.metal.MetalLookAndFeel
oct 29, 2024 3:50:08 P. M. main.Loguero info
INFO: javax.swing.plaf.nimbus.NimbusLookAndFeel
oct 29, 2024 3:50:08 P. M. main.Loguero info
INFO: com.sun.java.swing.plaf.motif.MotifLookAndFeel
oct 29, 2024 3:50:08 P. M. main.Loguero info
INFO: com.sun.java.swing.plaf.windows.WindowsLookAndFeel
oct 29, 2024 3:50:08 P. M. main.Loguero info
INFO: com.sun.java.swing.plaf.windows.WindowsClassicLookAndFeel
oct 29, 2024 3:50:32 P. M. main.Loguero info
INFO: Pantalla - Alto : 1080 - Ancho 1920
oct 29, 2024 3:50:32 P. M. main.Loguero info
INFO: Tema disponible - Metal
oct 29, 2024 3:50:32 P. M. main.Loguero info
INFO: Tema disponible - Nimbus
oct 29, 2024 3:50:36 P. M. main.Loguero info
INFO: javax.swing.plaf.metal.MetalLookAndFeel
oct 29, 2024 3:50:36 P. M. main.Loguero info
INFO: javax.swing.plaf.nimbus.NimbusLookAndFeel
oct 29, 2024 3:50:36 P. M. main.Loguero info
INFO: com.sun.java.swing.plaf.motif.MotifLookAndFeel
oct 29, 2024 3:50:36 P. M. main.Loguero info
INFO: com.sun.java.swing.plaf.windows.WindowsLookAndFeel
oct 29, 2024 3:50:36 P. M. main.Loguero info
INFO: com.sun.java.swing.plaf.windows.WindowsClassicLookAndFeel
